2025-04-21 15:55:01.412 [info] Reading sessions from keychain...
2025-04-21 15:55:01.443 [info] Getting sessions for all scopes...
2025-04-21 15:55:01.443 [info] Getting sessions for all scopes...
2025-04-21 15:55:01.444 [info] Getting sessions for all scopes...
2025-04-21 15:55:01.445 [info] Getting sessions for all scopes...
2025-04-21 15:55:01.446 [info] Getting sessions for all scopes...
2025-04-21 15:55:01.446 [info] Getting sessions for all scopes...
2025-04-21 15:55:01.446 [info] Getting sessions for all scopes...
2025-04-21 15:55:01.447 [info] Getting sessions for all scopes...
2025-04-21 15:55:01.532 [info] Got 0 sessions for ...
2025-04-21 15:55:01.532 [info] Got 0 sessions for ...
2025-04-21 15:55:01.532 [info] Got 0 sessions for ...
2025-04-21 15:55:01.532 [info] Got 0 sessions for ...
2025-04-21 15:55:01.532 [info] Got 0 sessions for ...
2025-04-21 15:55:01.532 [info] Got 0 sessions for ...
2025-04-21 15:55:01.532 [info] Got 0 sessions for ...
2025-04-21 15:55:01.532 [info] Got 0 sessions for ...
2025-04-21 15:55:02.109 [info] Getting sessions for all scopes...
2025-04-21 15:55:02.109 [info] Got 0 sessions for ...
2025-04-21 15:55:03.149 [info] Getting sessions for all scopes...
2025-04-21 15:55:03.149 [info] Got 0 sessions for ...
2025-04-21 16:19:22.675 [info] Logging in with 'any' account...
2025-04-21 16:19:22.675 [info] Logging in for the following scopes: user:email
2025-04-21 16:19:22.729 [info] Trying without local server... (user:email)
2025-04-21 16:19:43.764 [info] Exchanging code for token...
2025-04-21 16:19:44.183 [info] Token exchange success!
2025-04-21 16:19:44.185 [info] Getting user info...
2025-04-21 16:19:44.642 [info] Got account info!
2025-04-21 16:19:44.643 [info] Storing 1 sessions...
2025-04-21 16:19:44.648 [info] Reading sessions from keychain...
2025-04-21 16:19:44.648 [info] Stored 1 sessions!
2025-04-21 16:19:44.649 [info] Login success!
2025-04-21 16:19:44.650 [info] Getting sessions for all scopes...
2025-04-21 16:19:44.651 [info] Getting sessions for all scopes...
2025-04-21 16:19:44.652 [info] Got stored sessions!
2025-04-21 16:19:44.652 [info] Got 1 verified sessions.
2025-04-21 16:19:44.652 [info] Got 1 sessions for ...
2025-04-21 16:19:44.652 [info] Got 1 sessions for ...
2025-04-21 16:19:56.839 [info] Getting sessions for all scopes...
2025-04-21 16:19:56.839 [info] Got 1 sessions for ...
2025-04-21 16:19:56.840 [info] Getting sessions for all scopes...
2025-04-21 16:19:56.840 [info] Got 1 sessions for ...
2025-04-21 16:19:56.846 [info] Getting sessions for read:user,repo,user:email,workflow...
2025-04-21 16:19:56.846 [info] Got 0 sessions for read:user,repo,user:email,workflow...
2025-04-21 16:19:56.851 [info] Getting sessions for read:user,repo,user:email,workflow...
2025-04-21 16:19:56.851 [info] Got 0 sessions for read:user,repo,user:email,workflow...
2025-04-21 16:19:56.853 [info] Getting sessions for read:user...
2025-04-21 16:19:56.853 [info] Got 0 sessions for read:user...
2025-04-21 16:19:56.854 [info] Getting sessions for user:email...
2025-04-21 16:19:56.854 [info] Got 1 sessions for user:email...
2025-04-21 16:19:56.854 [info] Getting sessions for read:user,repo,user:email,workflow...
2025-04-21 16:19:56.854 [info] Got 0 sessions for read:user,repo,user:email,workflow...
2025-04-21 16:19:56.856 [info] Getting sessions for user:email...
2025-04-21 16:19:56.856 [info] Got 1 sessions for user:email...
2025-04-21 16:19:56.861 [info] Getting sessions for all scopes...
2025-04-21 16:19:56.861 [info] Got 1 sessions for ...
2025-04-21 16:19:56.865 [info] Getting sessions for read:user,repo,user:email,workflow...
2025-04-21 16:19:56.866 [info] Got 0 sessions for read:user,repo,user:email,workflow...
2025-04-21 16:19:57.045 [info] Getting sessions for user:email...
2025-04-21 16:19:57.045 [info] Got 1 sessions for user:email...
2025-04-21 16:19:57.048 [info] Getting sessions for all scopes...
2025-04-21 16:19:57.048 [info] Got 1 sessions for ...
2025-04-21 16:19:57.050 [info] Getting sessions for read:user,repo,user:email,workflow...
2025-04-21 16:19:57.050 [info] Got 0 sessions for read:user,repo,user:email,workflow...
2025-04-21 16:19:57.051 [info] Getting sessions for user:email...
2025-04-21 16:19:57.051 [info] Got 1 sessions for user:email...
2025-04-21 16:19:58.128 [info] Getting sessions for all scopes...
2025-04-21 16:19:58.128 [info] Got 1 sessions for ...
2025-04-21 16:19:58.132 [info] Getting sessions for all scopes...
2025-04-21 16:19:58.132 [info] Got 1 sessions for ...
2025-04-21 16:19:58.165 [info] Getting sessions for read:user,repo,user:email,workflow...
2025-04-21 16:19:58.165 [info] Got 0 sessions for read:user,repo,user:email,workflow...
2025-04-21 16:19:58.168 [info] Getting sessions for user:email...
2025-04-21 16:19:58.168 [info] Got 1 sessions for user:email...
2025-04-21 16:19:58.168 [info] Getting sessions for read:user,repo,user:email,workflow...
2025-04-21 16:19:58.168 [info] Got 0 sessions for read:user,repo,user:email,workflow...
2025-04-21 16:19:58.188 [info] Getting sessions for all scopes...
2025-04-21 16:19:58.188 [info] Got 1 sessions for ...
2025-04-21 16:19:58.191 [info] Getting sessions for read:user,repo,user:email,workflow...
2025-04-21 16:19:58.191 [info] Got 0 sessions for read:user,repo,user:email,workflow...
2025-04-21 16:19:58.194 [info] Getting sessions for user:email...
2025-04-21 16:19:58.194 [info] Got 1 sessions for user:email...
2025-04-21 16:19:58.332 [info] Getting sessions for all scopes...
2025-04-21 16:19:58.333 [info] Got 1 sessions for ...
2025-04-21 16:19:58.334 [info] Getting sessions for all scopes...
2025-04-21 16:19:58.334 [info] Got 1 sessions for ...
2025-04-21 16:19:58.352 [info] Getting sessions for read:user,repo,user:email,workflow...
2025-04-21 16:19:58.353 [info] Got 0 sessions for read:user,repo,user:email,workflow...
2025-04-21 16:19:58.358 [info] Getting sessions for user:email...
2025-04-21 16:19:58.358 [info] Got 1 sessions for user:email...
2025-04-21 16:19:58.359 [info] Getting sessions for read:user,repo,user:email,workflow...
2025-04-21 16:19:58.359 [info] Got 0 sessions for read:user,repo,user:email,workflow...
2025-04-21 16:19:58.375 [info] Getting sessions for all scopes...
2025-04-21 16:19:58.375 [info] Got 1 sessions for ...
2025-04-21 16:19:58.381 [info] Getting sessions for read:user,repo,user:email,workflow...
2025-04-21 16:19:58.381 [info] Got 0 sessions for read:user,repo,user:email,workflow...
2025-04-21 16:19:58.388 [info] Getting sessions for user:email...
2025-04-21 16:19:58.388 [info] Got 1 sessions for user:email...
2025-04-21 16:19:59.468 [info] Getting sessions for all scopes...
2025-04-21 16:19:59.468 [info] Got 1 sessions for ...
2025-04-21 16:19:59.469 [info] Getting sessions for read:user,repo,user:email,workflow...
2025-04-21 16:19:59.469 [info] Got 0 sessions for read:user,repo,user:email,workflow...
2025-04-21 16:19:59.471 [info] Getting sessions for user:email...
2025-04-21 16:19:59.471 [info] Got 1 sessions for user:email...
2025-04-21 16:34:59.492 [info] Getting sessions for all scopes...
2025-04-21 16:34:59.492 [info] Got 1 sessions for ...
2025-04-21 16:34:59.495 [info] Getting sessions for read:user,repo,user:email,workflow...
2025-04-21 16:34:59.495 [info] Got 0 sessions for read:user,repo,user:email,workflow...
2025-04-21 16:34:59.497 [info] Getting sessions for user:email...
2025-04-21 16:34:59.497 [info] Got 1 sessions for user:email...
2025-04-21 16:49:59.500 [info] Getting sessions for all scopes...
2025-04-21 16:49:59.508 [info] Got 1 sessions for ...
2025-04-21 16:49:59.511 [info] Getting sessions for read:user,repo,user:email,workflow...
2025-04-21 16:49:59.511 [info] Got 0 sessions for read:user,repo,user:email,workflow...
2025-04-21 16:49:59.514 [info] Getting sessions for user:email...
2025-04-21 16:49:59.514 [info] Got 1 sessions for user:email...
2025-04-21 16:49:59.517 [info] Getting sessions for all scopes...
2025-04-21 16:49:59.517 [info] Got 1 sessions for ...
2025-04-21 16:49:59.519 [info] Getting sessions for read:user,repo,user:email,workflow...
2025-04-21 16:49:59.519 [info] Got 0 sessions for read:user,repo,user:email,workflow...
2025-04-21 16:49:59.521 [info] Getting sessions for user:email...
2025-04-21 16:49:59.521 [info] Got 1 sessions for user:email...
2025-04-21 16:50:00.275 [info] Getting sessions for all scopes...
2025-04-21 16:50:00.275 [info] Got 1 sessions for ...
2025-04-21 16:50:00.276 [info] Getting sessions for all scopes...
2025-04-21 16:50:00.276 [info] Got 1 sessions for ...
2025-04-21 16:50:00.277 [info] Getting sessions for read:user,repo,user:email,workflow...
2025-04-21 16:50:00.277 [info] Got 0 sessions for read:user,repo,user:email,workflow...
2025-04-21 16:50:00.279 [info] Getting sessions for user:email...
2025-04-21 16:50:00.279 [info] Got 1 sessions for user:email...
2025-04-21 16:50:00.279 [info] Getting sessions for read:user,repo,user:email,workflow...
2025-04-21 16:50:00.279 [info] Got 0 sessions for read:user,repo,user:email,workflow...
2025-04-21 16:50:00.281 [info] Getting sessions for all scopes...
2025-04-21 16:50:00.281 [info] Got 1 sessions for ...
2025-04-21 16:50:00.282 [info] Getting sessions for read:user,repo,user:email,workflow...
2025-04-21 16:50:00.282 [info] Got 0 sessions for read:user,repo,user:email,workflow...
2025-04-21 16:50:00.283 [info] Getting sessions for user:email...
2025-04-21 16:50:00.283 [info] Got 1 sessions for user:email...
2025-04-21 16:50:00.285 [info] Getting sessions for all scopes...
2025-04-21 16:50:00.285 [info] Got 1 sessions for ...
2025-04-21 16:50:00.285 [info] Getting sessions for all scopes...
2025-04-21 16:50:00.285 [info] Got 1 sessions for ...
2025-04-21 16:50:00.286 [info] Getting sessions for read:user,repo,user:email,workflow...
2025-04-21 16:50:00.286 [info] Got 0 sessions for read:user,repo,user:email,workflow...
2025-04-21 16:50:00.287 [info] Getting sessions for user:email...
2025-04-21 16:50:00.287 [info] Got 1 sessions for user:email...
2025-04-21 16:50:00.287 [info] Getting sessions for read:user,repo,user:email,workflow...
2025-04-21 16:50:00.287 [info] Got 0 sessions for read:user,repo,user:email,workflow...
2025-04-21 16:50:00.291 [info] Getting sessions for all scopes...
2025-04-21 16:50:00.291 [info] Got 1 sessions for ...
2025-04-21 16:50:00.293 [info] Getting sessions for read:user,repo,user:email,workflow...
2025-04-21 16:50:00.293 [info] Got 0 sessions for read:user,repo,user:email,workflow...
2025-04-21 16:50:00.294 [info] Getting sessions for user:email...
2025-04-21 16:50:00.294 [info] Got 1 sessions for user:email...
2025-04-21 17:05:00.294 [info] Getting sessions for all scopes...
2025-04-21 17:05:00.294 [info] Got 1 sessions for ...
2025-04-21 17:05:00.297 [info] Getting sessions for read:user,repo,user:email,workflow...
2025-04-21 17:05:00.297 [info] Got 0 sessions for read:user,repo,user:email,workflow...
2025-04-21 17:05:00.299 [info] Getting sessions for user:email...
2025-04-21 17:05:00.299 [info] Got 1 sessions for user:email...
2025-04-21 17:20:00.303 [info] Getting sessions for all scopes...
2025-04-21 17:20:00.303 [info] Got 1 sessions for ...
2025-04-21 17:20:00.306 [info] Getting sessions for read:user,repo,user:email,workflow...
2025-04-21 17:20:00.306 [info] Got 0 sessions for read:user,repo,user:email,workflow...
2025-04-21 17:20:00.309 [info] Getting sessions for user:email...
2025-04-21 17:20:00.309 [info] Got 1 sessions for user:email...
2025-04-21 17:20:00.313 [info] Getting sessions for all scopes...
2025-04-21 17:20:00.313 [info] Got 1 sessions for ...
2025-04-21 17:20:00.315 [info] Getting sessions for read:user,repo,user:email,workflow...
2025-04-21 17:20:00.315 [info] Got 0 sessions for read:user,repo,user:email,workflow...
2025-04-21 17:20:00.318 [info] Getting sessions for user:email...
2025-04-21 17:20:00.318 [info] Got 1 sessions for user:email...
2025-04-21 17:20:01.119 [info] Getting sessions for all scopes...
2025-04-21 17:20:01.119 [info] Got 1 sessions for ...
2025-04-21 17:20:01.120 [info] Getting sessions for all scopes...
2025-04-21 17:20:01.120 [info] Got 1 sessions for ...
2025-04-21 17:20:01.122 [info] Getting sessions for read:user,repo,user:email,workflow...
2025-04-21 17:20:01.122 [info] Got 0 sessions for read:user,repo,user:email,workflow...
2025-04-21 17:20:01.124 [info] Getting sessions for user:email...
2025-04-21 17:20:01.124 [info] Got 1 sessions for user:email...
2025-04-21 17:20:01.125 [info] Getting sessions for read:user,repo,user:email,workflow...
2025-04-21 17:20:01.125 [info] Got 0 sessions for read:user,repo,user:email,workflow...
2025-04-21 17:20:01.127 [info] Getting sessions for all scopes...
2025-04-21 17:20:01.127 [info] Got 1 sessions for ...
2025-04-21 17:20:01.129 [info] Getting sessions for read:user,repo,user:email,workflow...
2025-04-21 17:20:01.129 [info] Got 0 sessions for read:user,repo,user:email,workflow...
2025-04-21 17:20:01.133 [info] Getting sessions for user:email...
2025-04-21 17:20:01.133 [info] Got 1 sessions for user:email...
2025-04-21 17:20:01.136 [info] Getting sessions for all scopes...
2025-04-21 17:20:01.136 [info] Got 1 sessions for ...
2025-04-21 17:20:01.137 [info] Getting sessions for all scopes...
2025-04-21 17:20:01.137 [info] Got 1 sessions for ...
2025-04-21 17:20:01.138 [info] Getting sessions for read:user,repo,user:email,workflow...
2025-04-21 17:20:01.139 [info] Got 0 sessions for read:user,repo,user:email,workflow...
2025-04-21 17:20:01.140 [info] Getting sessions for user:email...
2025-04-21 17:20:01.140 [info] Got 1 sessions for user:email...
2025-04-21 17:20:01.141 [info] Getting sessions for read:user,repo,user:email,workflow...
2025-04-21 17:20:01.141 [info] Got 0 sessions for read:user,repo,user:email,workflow...
2025-04-21 17:20:01.148 [info] Getting sessions for all scopes...
2025-04-21 17:20:01.148 [info] Got 1 sessions for ...
2025-04-21 17:20:01.151 [info] Getting sessions for read:user,repo,user:email,workflow...
2025-04-21 17:20:01.151 [info] Got 0 sessions for read:user,repo,user:email,workflow...
2025-04-21 17:20:01.153 [info] Getting sessions for user:email...
2025-04-21 17:20:01.153 [info] Got 1 sessions for user:email...
2025-04-21 17:35:01.147 [info] Getting sessions for all scopes...
2025-04-21 17:35:01.147 [info] Got 1 sessions for ...
2025-04-21 17:35:01.150 [info] Getting sessions for read:user,repo,user:email,workflow...
2025-04-21 17:35:01.150 [info] Got 0 sessions for read:user,repo,user:email,workflow...
2025-04-21 17:35:01.153 [info] Getting sessions for user:email...
2025-04-21 17:35:01.153 [info] Got 1 sessions for user:email...
2025-04-21 17:50:01.157 [info] Getting sessions for all scopes...
2025-04-21 17:50:01.157 [info] Got 1 sessions for ...
2025-04-21 17:50:01.160 [info] Getting sessions for read:user,repo,user:email,workflow...
2025-04-21 17:50:01.160 [info] Got 0 sessions for read:user,repo,user:email,workflow...
2025-04-21 17:50:01.163 [info] Getting sessions for user:email...
2025-04-21 17:50:01.163 [info] Got 1 sessions for user:email...
2025-04-21 17:50:01.166 [info] Getting sessions for all scopes...
2025-04-21 17:50:01.166 [info] Got 1 sessions for ...
2025-04-21 17:50:01.168 [info] Getting sessions for read:user,repo,user:email,workflow...
2025-04-21 17:50:01.168 [info] Got 0 sessions for read:user,repo,user:email,workflow...
2025-04-21 17:50:01.171 [info] Getting sessions for user:email...
2025-04-21 17:50:01.171 [info] Got 1 sessions for user:email...
2025-04-21 17:50:01.855 [info] Getting sessions for all scopes...
2025-04-21 17:50:01.855 [info] Got 1 sessions for ...
2025-04-21 17:50:01.855 [info] Getting sessions for all scopes...
2025-04-21 17:50:01.855 [info] Got 1 sessions for ...
2025-04-21 17:50:01.857 [info] Getting sessions for read:user,repo,user:email,workflow...
2025-04-21 17:50:01.857 [info] Got 0 sessions for read:user,repo,user:email,workflow...
2025-04-21 17:50:01.860 [info] Getting sessions for user:email...
2025-04-21 17:50:01.860 [info] Got 1 sessions for user:email...
2025-04-21 17:50:01.860 [info] Getting sessions for read:user,repo,user:email,workflow...
2025-04-21 17:50:01.860 [info] Got 0 sessions for read:user,repo,user:email,workflow...
2025-04-21 17:50:01.863 [info] Getting sessions for all scopes...
2025-04-21 17:50:01.863 [info] Got 1 sessions for ...
2025-04-21 17:50:01.865 [info] Getting sessions for read:user,repo,user:email,workflow...
2025-04-21 17:50:01.865 [info] Got 0 sessions for read:user,repo,user:email,workflow...
2025-04-21 17:50:01.868 [info] Getting sessions for user:email...
2025-04-21 17:50:01.868 [info] Got 1 sessions for user:email...
2025-04-21 17:50:01.873 [info] Getting sessions for all scopes...
2025-04-21 17:50:01.873 [info] Got 1 sessions for ...
2025-04-21 17:50:01.873 [info] Getting sessions for all scopes...
2025-04-21 17:50:01.873 [info] Got 1 sessions for ...
2025-04-21 17:50:01.875 [info] Getting sessions for read:user,repo,user:email,workflow...
2025-04-21 17:50:01.875 [info] Got 0 sessions for read:user,repo,user:email,workflow...
2025-04-21 17:50:01.877 [info] Getting sessions for user:email...
2025-04-21 17:50:01.878 [info] Got 1 sessions for user:email...
2025-04-21 17:50:01.878 [info] Getting sessions for read:user,repo,user:email,workflow...
2025-04-21 17:50:01.878 [info] Got 0 sessions for read:user,repo,user:email,workflow...
2025-04-21 17:50:01.885 [info] Getting sessions for all scopes...
2025-04-21 17:50:01.885 [info] Got 1 sessions for ...
2025-04-21 17:50:01.887 [info] Getting sessions for read:user,repo,user:email,workflow...
2025-04-21 17:50:01.887 [info] Got 0 sessions for read:user,repo,user:email,workflow...
2025-04-21 17:50:01.889 [info] Getting sessions for user:email...
2025-04-21 17:50:01.889 [info] Got 1 sessions for user:email...
2025-04-21 18:05:01.884 [info] Getting sessions for all scopes...
2025-04-21 18:05:01.884 [info] Got 1 sessions for ...
2025-04-21 18:05:01.887 [info] Getting sessions for read:user,repo,user:email,workflow...
2025-04-21 18:05:01.887 [info] Got 0 sessions for read:user,repo,user:email,workflow...
2025-04-21 18:05:01.889 [info] Getting sessions for user:email...
2025-04-21 18:05:01.890 [info] Got 1 sessions for user:email...
2025-04-21 18:20:01.895 [info] Getting sessions for all scopes...
2025-04-21 18:20:01.895 [info] Got 1 sessions for ...
2025-04-21 18:20:01.897 [info] Getting sessions for read:user,repo,user:email,workflow...
2025-04-21 18:20:01.898 [info] Got 0 sessions for read:user,repo,user:email,workflow...
2025-04-21 18:20:01.900 [info] Getting sessions for user:email...
2025-04-21 18:20:01.900 [info] Got 1 sessions for user:email...
2025-04-21 18:20:01.903 [info] Getting sessions for all scopes...
2025-04-21 18:20:01.903 [info] Got 1 sessions for ...
2025-04-21 18:20:01.906 [info] Getting sessions for read:user,repo,user:email,workflow...
2025-04-21 18:20:01.906 [info] Got 0 sessions for read:user,repo,user:email,workflow...
2025-04-21 18:20:01.908 [info] Getting sessions for user:email...
2025-04-21 18:20:01.908 [info] Got 1 sessions for user:email...
2025-04-21 18:20:02.695 [info] Getting sessions for all scopes...
2025-04-21 18:20:02.695 [info] Got 1 sessions for ...
2025-04-21 18:20:02.695 [info] Getting sessions for all scopes...
2025-04-21 18:20:02.696 [info] Got 1 sessions for ...
2025-04-21 18:20:02.698 [info] Getting sessions for read:user,repo,user:email,workflow...
2025-04-21 18:20:02.698 [info] Got 0 sessions for read:user,repo,user:email,workflow...
2025-04-21 18:20:02.700 [info] Getting sessions for user:email...
2025-04-21 18:20:02.701 [info] Got 1 sessions for user:email...
2025-04-21 18:20:02.701 [info] Getting sessions for read:user,repo,user:email,workflow...
2025-04-21 18:20:02.701 [info] Got 0 sessions for read:user,repo,user:email,workflow...
2025-04-21 18:20:02.704 [info] Getting sessions for all scopes...
2025-04-21 18:20:02.704 [info] Got 1 sessions for ...
2025-04-21 18:20:02.707 [info] Getting sessions for read:user,repo,user:email,workflow...
2025-04-21 18:20:02.707 [info] Got 0 sessions for read:user,repo,user:email,workflow...
2025-04-21 18:20:02.709 [info] Getting sessions for user:email...
2025-04-21 18:20:02.709 [info] Got 1 sessions for user:email...
2025-04-21 18:20:02.713 [info] Getting sessions for all scopes...
2025-04-21 18:20:02.713 [info] Got 1 sessions for ...
2025-04-21 18:20:02.714 [info] Getting sessions for all scopes...
2025-04-21 18:20:02.714 [info] Got 1 sessions for ...
2025-04-21 18:20:02.716 [info] Getting sessions for read:user,repo,user:email,workflow...
2025-04-21 18:20:02.716 [info] Got 0 sessions for read:user,repo,user:email,workflow...
2025-04-21 18:20:02.719 [info] Getting sessions for user:email...
2025-04-21 18:20:02.719 [info] Got 1 sessions for user:email...
2025-04-21 18:20:02.719 [info] Getting sessions for read:user,repo,user:email,workflow...
2025-04-21 18:20:02.719 [info] Got 0 sessions for read:user,repo,user:email,workflow...
2025-04-21 18:20:02.736 [info] Getting sessions for all scopes...
2025-04-21 18:20:02.736 [info] Got 1 sessions for ...
2025-04-21 18:20:02.738 [info] Getting sessions for read:user,repo,user:email,workflow...
2025-04-21 18:20:02.738 [info] Got 0 sessions for read:user,repo,user:email,workflow...
2025-04-21 18:20:02.741 [info] Getting sessions for user:email...
2025-04-21 18:20:02.741 [info] Got 1 sessions for user:email...
2025-04-21 18:35:02.726 [info] Getting sessions for all scopes...
2025-04-21 18:35:02.726 [info] Got 1 sessions for ...
2025-04-21 18:35:02.730 [info] Getting sessions for read:user,repo,user:email,workflow...
2025-04-21 18:35:02.730 [info] Got 0 sessions for read:user,repo,user:email,workflow...
2025-04-21 18:35:02.733 [info] Getting sessions for user:email...
2025-04-21 18:35:02.733 [info] Got 1 sessions for user:email...
2025-04-21 18:50:02.739 [info] Getting sessions for all scopes...
2025-04-21 18:50:02.739 [info] Got 1 sessions for ...
2025-04-21 18:50:02.742 [info] Getting sessions for read:user,repo,user:email,workflow...
2025-04-21 18:50:02.742 [info] Got 0 sessions for read:user,repo,user:email,workflow...
2025-04-21 18:50:02.744 [info] Getting sessions for user:email...
2025-04-21 18:50:02.744 [info] Got 1 sessions for user:email...
2025-04-21 18:50:02.747 [info] Getting sessions for all scopes...
2025-04-21 18:50:02.748 [info] Got 1 sessions for ...
2025-04-21 18:50:02.750 [info] Getting sessions for read:user,repo,user:email,workflow...
2025-04-21 18:50:02.750 [info] Got 0 sessions for read:user,repo,user:email,workflow...
2025-04-21 18:50:02.753 [info] Getting sessions for user:email...
2025-04-21 18:50:02.753 [info] Got 1 sessions for user:email...
2025-04-21 18:50:03.613 [info] Getting sessions for all scopes...
2025-04-21 18:50:03.613 [info] Got 1 sessions for ...
2025-04-21 18:50:03.614 [info] Getting sessions for all scopes...
2025-04-21 18:50:03.614 [info] Got 1 sessions for ...
2025-04-21 18:50:03.616 [info] Getting sessions for read:user,repo,user:email,workflow...
2025-04-21 18:50:03.616 [info] Got 0 sessions for read:user,repo,user:email,workflow...
2025-04-21 18:50:03.619 [info] Getting sessions for user:email...
2025-04-21 18:50:03.619 [info] Got 1 sessions for user:email...
2025-04-21 18:50:03.619 [info] Getting sessions for read:user,repo,user:email,workflow...
2025-04-21 18:50:03.619 [info] Got 0 sessions for read:user,repo,user:email,workflow...
2025-04-21 18:50:03.622 [info] Getting sessions for all scopes...
2025-04-21 18:50:03.622 [info] Got 1 sessions for ...
2025-04-21 18:50:03.625 [info] Getting sessions for read:user,repo,user:email,workflow...
2025-04-21 18:50:03.625 [info] Got 0 sessions for read:user,repo,user:email,workflow...
2025-04-21 18:50:03.628 [info] Getting sessions for user:email...
2025-04-21 18:50:03.628 [info] Got 1 sessions for user:email...
2025-04-21 18:50:03.632 [info] Getting sessions for all scopes...
2025-04-21 18:50:03.632 [info] Got 1 sessions for ...
2025-04-21 18:50:03.632 [info] Getting sessions for all scopes...
2025-04-21 18:50:03.632 [info] Got 1 sessions for ...
2025-04-21 18:50:03.634 [info] Getting sessions for read:user,repo,user:email,workflow...
2025-04-21 18:50:03.634 [info] Got 0 sessions for read:user,repo,user:email,workflow...
2025-04-21 18:50:03.636 [info] Getting sessions for user:email...
2025-04-21 18:50:03.637 [info] Got 1 sessions for user:email...
2025-04-21 18:50:03.637 [info] Getting sessions for read:user,repo,user:email,workflow...
2025-04-21 18:50:03.637 [info] Got 0 sessions for read:user,repo,user:email,workflow...
2025-04-21 18:50:03.645 [info] Getting sessions for all scopes...
2025-04-21 18:50:03.645 [info] Got 1 sessions for ...
2025-04-21 18:50:03.648 [info] Getting sessions for read:user,repo,user:email,workflow...
2025-04-21 18:50:03.648 [info] Got 0 sessions for read:user,repo,user:email,workflow...
2025-04-21 18:50:03.650 [info] Getting sessions for user:email...
2025-04-21 18:50:03.650 [info] Got 1 sessions for user:email...
2025-04-21 19:05:03.645 [info] Getting sessions for all scopes...
2025-04-21 19:05:03.645 [info] Got 1 sessions for ...
2025-04-21 19:05:03.648 [info] Getting sessions for read:user,repo,user:email,workflow...
2025-04-21 19:05:03.648 [info] Got 0 sessions for read:user,repo,user:email,workflow...
2025-04-21 19:05:03.651 [info] Getting sessions for user:email...
2025-04-21 19:05:03.651 [info] Got 1 sessions for user:email...
2025-04-21 19:20:03.657 [info] Getting sessions for all scopes...
2025-04-21 19:20:03.657 [info] Got 1 sessions for ...
2025-04-21 19:20:03.659 [info] Getting sessions for read:user,repo,user:email,workflow...
2025-04-21 19:20:03.659 [info] Got 0 sessions for read:user,repo,user:email,workflow...
2025-04-21 19:20:03.662 [info] Getting sessions for user:email...
2025-04-21 19:20:03.662 [info] Got 1 sessions for user:email...
2025-04-21 19:20:03.665 [info] Getting sessions for all scopes...
2025-04-21 19:20:03.665 [info] Got 1 sessions for ...
2025-04-21 19:20:03.668 [info] Getting sessions for read:user,repo,user:email,workflow...
2025-04-21 19:20:03.668 [info] Got 0 sessions for read:user,repo,user:email,workflow...
2025-04-21 19:20:03.671 [info] Getting sessions for user:email...
2025-04-21 19:20:03.671 [info] Got 1 sessions for user:email...
2025-04-21 19:20:04.416 [info] Getting sessions for all scopes...
2025-04-21 19:20:04.416 [info] Got 1 sessions for ...
2025-04-21 19:20:04.416 [info] Getting sessions for all scopes...
2025-04-21 19:20:04.416 [info] Got 1 sessions for ...
2025-04-21 19:20:04.417 [info] Getting sessions for read:user,repo,user:email,workflow...
2025-04-21 19:20:04.417 [info] Got 0 sessions for read:user,repo,user:email,workflow...
2025-04-21 19:20:04.418 [info] Getting sessions for user:email...
2025-04-21 19:20:04.418 [info] Got 1 sessions for user:email...
2025-04-21 19:20:04.419 [info] Getting sessions for read:user,repo,user:email,workflow...
2025-04-21 19:20:04.419 [info] Got 0 sessions for read:user,repo,user:email,workflow...
2025-04-21 19:20:04.420 [info] Getting sessions for all scopes...
2025-04-21 19:20:04.420 [info] Got 1 sessions for ...
2025-04-21 19:20:04.422 [info] Getting sessions for read:user,repo,user:email,workflow...
2025-04-21 19:20:04.422 [info] Got 0 sessions for read:user,repo,user:email,workflow...
2025-04-21 19:20:04.425 [info] Getting sessions for user:email...
2025-04-21 19:20:04.425 [info] Got 1 sessions for user:email...
2025-04-21 19:20:04.429 [info] Getting sessions for all scopes...
2025-04-21 19:20:04.429 [info] Got 1 sessions for ...
2025-04-21 19:20:04.429 [info] Getting sessions for all scopes...
2025-04-21 19:20:04.429 [info] Got 1 sessions for ...
2025-04-21 19:20:04.432 [info] Getting sessions for read:user,repo,user:email,workflow...
2025-04-21 19:20:04.432 [info] Got 0 sessions for read:user,repo,user:email,workflow...
2025-04-21 19:20:04.434 [info] Getting sessions for user:email...
2025-04-21 19:20:04.434 [info] Got 1 sessions for user:email...
2025-04-21 19:20:04.435 [info] Getting sessions for read:user,repo,user:email,workflow...
2025-04-21 19:20:04.435 [info] Got 0 sessions for read:user,repo,user:email,workflow...
2025-04-21 19:20:04.442 [info] Getting sessions for all scopes...
2025-04-21 19:20:04.442 [info] Got 1 sessions for ...
2025-04-21 19:20:04.445 [info] Getting sessions for read:user,repo,user:email,workflow...
2025-04-21 19:20:04.445 [info] Got 0 sessions for read:user,repo,user:email,workflow...
2025-04-21 19:20:04.447 [info] Getting sessions for user:email...
2025-04-21 19:20:04.447 [info] Got 1 sessions for user:email...
2025-04-21 19:35:04.443 [info] Getting sessions for all scopes...
2025-04-21 19:35:04.443 [info] Got 1 sessions for ...
2025-04-21 19:35:04.447 [info] Getting sessions for read:user,repo,user:email,workflow...
2025-04-21 19:35:04.447 [info] Got 0 sessions for read:user,repo,user:email,workflow...
2025-04-21 19:35:04.450 [info] Getting sessions for user:email...
2025-04-21 19:35:04.450 [info] Got 1 sessions for user:email...
2025-04-21 19:50:04.457 [info] Getting sessions for all scopes...
2025-04-21 19:50:04.457 [info] Got 1 sessions for ...
2025-04-21 19:50:04.459 [info] Getting sessions for read:user,repo,user:email,workflow...
2025-04-21 19:50:04.459 [info] Got 0 sessions for read:user,repo,user:email,workflow...
2025-04-21 19:50:04.462 [info] Getting sessions for user:email...
2025-04-21 19:50:04.462 [info] Got 1 sessions for user:email...
2025-04-21 19:50:04.465 [info] Getting sessions for all scopes...
2025-04-21 19:50:04.465 [info] Got 1 sessions for ...
2025-04-21 19:50:04.468 [info] Getting sessions for read:user,repo,user:email,workflow...
2025-04-21 19:50:04.468 [info] Got 0 sessions for read:user,repo,user:email,workflow...
2025-04-21 19:50:04.471 [info] Getting sessions for user:email...
2025-04-21 19:50:04.471 [info] Got 1 sessions for user:email...
2025-04-21 19:50:05.257 [info] Getting sessions for all scopes...
2025-04-21 19:50:05.257 [info] Got 1 sessions for ...
2025-04-21 19:50:05.257 [info] Getting sessions for all scopes...
2025-04-21 19:50:05.257 [info] Got 1 sessions for ...
2025-04-21 19:50:05.260 [info] Getting sessions for read:user,repo,user:email,workflow...
2025-04-21 19:50:05.260 [info] Got 0 sessions for read:user,repo,user:email,workflow...
2025-04-21 19:50:05.262 [info] Getting sessions for user:email...
2025-04-21 19:50:05.262 [info] Got 1 sessions for user:email...
2025-04-21 19:50:05.262 [info] Getting sessions for read:user,repo,user:email,workflow...
2025-04-21 19:50:05.262 [info] Got 0 sessions for read:user,repo,user:email,workflow...
2025-04-21 19:50:05.265 [info] Getting sessions for all scopes...
2025-04-21 19:50:05.265 [info] Got 1 sessions for ...
2025-04-21 19:50:05.267 [info] Getting sessions for read:user,repo,user:email,workflow...
2025-04-21 19:50:05.267 [info] Got 0 sessions for read:user,repo,user:email,workflow...
2025-04-21 19:50:05.269 [info] Getting sessions for user:email...
2025-04-21 19:50:05.269 [info] Got 1 sessions for user:email...
2025-04-21 19:50:05.272 [info] Getting sessions for all scopes...
2025-04-21 19:50:05.272 [info] Got 1 sessions for ...
2025-04-21 19:50:05.272 [info] Getting sessions for all scopes...
2025-04-21 19:50:05.272 [info] Got 1 sessions for ...
2025-04-21 19:50:05.273 [info] Getting sessions for read:user,repo,user:email,workflow...
2025-04-21 19:50:05.273 [info] Got 0 sessions for read:user,repo,user:email,workflow...
2025-04-21 19:50:05.275 [info] Getting sessions for user:email...
2025-04-21 19:50:05.275 [info] Got 1 sessions for user:email...
2025-04-21 19:50:05.275 [info] Getting sessions for read:user,repo,user:email,workflow...
2025-04-21 19:50:05.275 [info] Got 0 sessions for read:user,repo,user:email,workflow...
2025-04-21 19:50:05.280 [info] Getting sessions for all scopes...
2025-04-21 19:50:05.280 [info] Got 1 sessions for ...
2025-04-21 19:50:05.282 [info] Getting sessions for read:user,repo,user:email,workflow...
2025-04-21 19:50:05.282 [info] Got 0 sessions for read:user,repo,user:email,workflow...
2025-04-21 19:50:05.284 [info] Getting sessions for user:email...
2025-04-21 19:50:05.284 [info] Got 1 sessions for user:email...
2025-04-21 20:05:05.283 [info] Getting sessions for all scopes...
2025-04-21 20:05:05.283 [info] Got 1 sessions for ...
2025-04-21 20:05:05.286 [info] Getting sessions for read:user,repo,user:email,workflow...
2025-04-21 20:05:05.286 [info] Got 0 sessions for read:user,repo,user:email,workflow...
2025-04-21 20:05:05.289 [info] Getting sessions for user:email...
2025-04-21 20:05:05.289 [info] Got 1 sessions for user:email...
2025-04-21 20:20:05.297 [info] Getting sessions for all scopes...
2025-04-21 20:20:05.297 [info] Got 1 sessions for ...
2025-04-21 20:20:05.300 [info] Getting sessions for read:user,repo,user:email,workflow...
2025-04-21 20:20:05.301 [info] Got 0 sessions for read:user,repo,user:email,workflow...
2025-04-21 20:20:05.303 [info] Getting sessions for user:email...
2025-04-21 20:20:05.303 [info] Got 1 sessions for user:email...
2025-04-21 20:20:05.306 [info] Getting sessions for all scopes...
2025-04-21 20:20:05.306 [info] Got 1 sessions for ...
2025-04-21 20:20:05.309 [info] Getting sessions for read:user,repo,user:email,workflow...
2025-04-21 20:20:05.309 [info] Got 0 sessions for read:user,repo,user:email,workflow...
2025-04-21 20:20:05.311 [info] Getting sessions for user:email...
2025-04-21 20:20:05.311 [info] Got 1 sessions for user:email...
2025-04-21 20:20:06.107 [info] Getting sessions for all scopes...
2025-04-21 20:20:06.107 [info] Got 1 sessions for ...
2025-04-21 20:20:06.107 [info] Getting sessions for all scopes...
2025-04-21 20:20:06.107 [info] Got 1 sessions for ...
2025-04-21 20:20:06.109 [info] Getting sessions for read:user,repo,user:email,workflow...
2025-04-21 20:20:06.109 [info] Got 0 sessions for read:user,repo,user:email,workflow...
2025-04-21 20:20:06.111 [info] Getting sessions for user:email...
2025-04-21 20:20:06.111 [info] Got 1 sessions for user:email...
2025-04-21 20:20:06.112 [info] Getting sessions for read:user,repo,user:email,workflow...
2025-04-21 20:20:06.112 [info] Got 0 sessions for read:user,repo,user:email,workflow...
2025-04-21 20:20:06.114 [info] Getting sessions for all scopes...
2025-04-21 20:20:06.114 [info] Got 1 sessions for ...
2025-04-21 20:20:06.116 [info] Getting sessions for read:user,repo,user:email,workflow...
2025-04-21 20:20:06.116 [info] Got 0 sessions for read:user,repo,user:email,workflow...
2025-04-21 20:20:06.118 [info] Getting sessions for user:email...
2025-04-21 20:20:06.118 [info] Got 1 sessions for user:email...
2025-04-21 20:20:06.121 [info] Getting sessions for all scopes...
2025-04-21 20:20:06.121 [info] Got 1 sessions for ...
2025-04-21 20:20:06.121 [info] Getting sessions for all scopes...
2025-04-21 20:20:06.121 [info] Got 1 sessions for ...
2025-04-21 20:20:06.123 [info] Getting sessions for read:user,repo,user:email,workflow...
2025-04-21 20:20:06.123 [info] Got 0 sessions for read:user,repo,user:email,workflow...
2025-04-21 20:20:06.126 [info] Getting sessions for user:email...
2025-04-21 20:20:06.126 [info] Got 1 sessions for user:email...
2025-04-21 20:20:06.127 [info] Getting sessions for read:user,repo,user:email,workflow...
2025-04-21 20:20:06.127 [info] Got 0 sessions for read:user,repo,user:email,workflow...
2025-04-21 20:20:06.134 [info] Getting sessions for all scopes...
2025-04-21 20:20:06.134 [info] Got 1 sessions for ...
2025-04-21 20:20:06.136 [info] Getting sessions for read:user,repo,user:email,workflow...
2025-04-21 20:20:06.137 [info] Got 0 sessions for read:user,repo,user:email,workflow...
2025-04-21 20:20:06.139 [info] Getting sessions for user:email...
2025-04-21 20:20:06.139 [info] Got 1 sessions for user:email...
2025-04-21 20:35:06.137 [info] Getting sessions for all scopes...
2025-04-21 20:35:06.137 [info] Got 1 sessions for ...
2025-04-21 20:35:06.140 [info] Getting sessions for read:user,repo,user:email,workflow...
2025-04-21 20:35:06.140 [info] Got 0 sessions for read:user,repo,user:email,workflow...
2025-04-21 20:35:06.142 [info] Getting sessions for user:email...
2025-04-21 20:35:06.142 [info] Got 1 sessions for user:email...
2025-04-21 20:50:06.148 [info] Getting sessions for all scopes...
2025-04-21 20:50:06.148 [info] Got 1 sessions for ...
2025-04-21 20:50:06.151 [info] Getting sessions for read:user,repo,user:email,workflow...
2025-04-21 20:50:06.151 [info] Got 0 sessions for read:user,repo,user:email,workflow...
2025-04-21 20:50:06.154 [info] Getting sessions for user:email...
2025-04-21 20:50:06.154 [info] Got 1 sessions for user:email...
2025-04-21 20:50:06.157 [info] Getting sessions for all scopes...
2025-04-21 20:50:06.157 [info] Got 1 sessions for ...
2025-04-21 20:50:06.160 [info] Getting sessions for read:user,repo,user:email,workflow...
2025-04-21 20:50:06.160 [info] Got 0 sessions for read:user,repo,user:email,workflow...
2025-04-21 20:50:06.163 [info] Getting sessions for user:email...
2025-04-21 20:50:06.163 [info] Got 1 sessions for user:email...
2025-04-21 20:50:06.885 [info] Getting sessions for all scopes...
2025-04-21 20:50:06.885 [info] Got 1 sessions for ...
2025-04-21 20:50:06.886 [info] Getting sessions for all scopes...
2025-04-21 20:50:06.886 [info] Got 1 sessions for ...
2025-04-21 20:50:06.888 [info] Getting sessions for read:user,repo,user:email,workflow...
2025-04-21 20:50:06.888 [info] Got 0 sessions for read:user,repo,user:email,workflow...
2025-04-21 20:50:06.890 [info] Getting sessions for user:email...
2025-04-21 20:50:06.890 [info] Got 1 sessions for user:email...
2025-04-21 20:50:06.891 [info] Getting sessions for read:user,repo,user:email,workflow...
2025-04-21 20:50:06.891 [info] Got 0 sessions for read:user,repo,user:email,workflow...
2025-04-21 20:50:06.894 [info] Getting sessions for all scopes...
2025-04-21 20:50:06.894 [info] Got 1 sessions for ...
2025-04-21 20:50:06.896 [info] Getting sessions for read:user,repo,user:email,workflow...
2025-04-21 20:50:06.896 [info] Got 0 sessions for read:user,repo,user:email,workflow...
2025-04-21 20:50:06.899 [info] Getting sessions for user:email...
2025-04-21 20:50:06.899 [info] Got 1 sessions for user:email...
2025-04-21 20:50:06.903 [info] Getting sessions for all scopes...
2025-04-21 20:50:06.903 [info] Got 1 sessions for ...
2025-04-21 20:50:06.904 [info] Getting sessions for all scopes...
2025-04-21 20:50:06.904 [info] Got 1 sessions for ...
2025-04-21 20:50:06.906 [info] Getting sessions for read:user,repo,user:email,workflow...
2025-04-21 20:50:06.906 [info] Got 0 sessions for read:user,repo,user:email,workflow...
2025-04-21 20:50:06.909 [info] Getting sessions for user:email...
2025-04-21 20:50:06.909 [info] Got 1 sessions for user:email...
2025-04-21 20:50:06.910 [info] Getting sessions for read:user,repo,user:email,workflow...
2025-04-21 20:50:06.910 [info] Got 0 sessions for read:user,repo,user:email,workflow...
2025-04-21 20:50:06.919 [info] Getting sessions for all scopes...
2025-04-21 20:50:06.919 [info] Got 1 sessions for ...
2025-04-21 20:50:06.922 [info] Getting sessions for read:user,repo,user:email,workflow...
2025-04-21 20:50:06.922 [info] Got 0 sessions for read:user,repo,user:email,workflow...
2025-04-21 20:50:06.924 [info] Getting sessions for user:email...
2025-04-21 20:50:06.924 [info] Got 1 sessions for user:email...
2025-04-21 21:05:06.922 [info] Getting sessions for all scopes...
2025-04-21 21:05:06.922 [info] Got 1 sessions for ...
2025-04-21 21:05:06.925 [info] Getting sessions for read:user,repo,user:email,workflow...
2025-04-21 21:05:06.925 [info] Got 0 sessions for read:user,repo,user:email,workflow...
2025-04-21 21:05:06.928 [info] Getting sessions for user:email...
2025-04-21 21:05:06.928 [info] Got 1 sessions for user:email...
2025-04-21 21:20:06.935 [info] Getting sessions for all scopes...
2025-04-21 21:20:06.943 [info] Got 1 sessions for ...
2025-04-21 21:20:06.946 [info] Getting sessions for read:user,repo,user:email,workflow...
2025-04-21 21:20:06.946 [info] Got 0 sessions for read:user,repo,user:email,workflow...
2025-04-21 21:20:06.949 [info] Getting sessions for user:email...
2025-04-21 21:20:06.949 [info] Got 1 sessions for user:email...
2025-04-21 21:20:06.952 [info] Getting sessions for all scopes...
2025-04-21 21:20:06.952 [info] Got 1 sessions for ...
2025-04-21 21:20:06.955 [info] Getting sessions for read:user,repo,user:email,workflow...
2025-04-21 21:20:06.955 [info] Got 0 sessions for read:user,repo,user:email,workflow...
2025-04-21 21:20:06.957 [info] Getting sessions for user:email...
2025-04-21 21:20:06.957 [info] Got 1 sessions for user:email...
2025-04-21 21:20:07.748 [info] Getting sessions for all scopes...
2025-04-21 21:20:07.748 [info] Got 1 sessions for ...
2025-04-21 21:20:07.748 [info] Getting sessions for all scopes...
2025-04-21 21:20:07.748 [info] Got 1 sessions for ...
2025-04-21 21:20:07.750 [info] Getting sessions for read:user,repo,user:email,workflow...
2025-04-21 21:20:07.750 [info] Got 0 sessions for read:user,repo,user:email,workflow...
2025-04-21 21:20:07.753 [info] Getting sessions for user:email...
2025-04-21 21:20:07.753 [info] Got 1 sessions for user:email...
2025-04-21 21:20:07.754 [info] Getting sessions for read:user,repo,user:email,workflow...
2025-04-21 21:20:07.754 [info] Got 0 sessions for read:user,repo,user:email,workflow...
2025-04-21 21:20:07.756 [info] Getting sessions for all scopes...
2025-04-21 21:20:07.756 [info] Got 1 sessions for ...
2025-04-21 21:20:07.760 [info] Getting sessions for read:user,repo,user:email,workflow...
2025-04-21 21:20:07.760 [info] Got 0 sessions for read:user,repo,user:email,workflow...
2025-04-21 21:20:07.762 [info] Getting sessions for user:email...
2025-04-21 21:20:07.762 [info] Got 1 sessions for user:email...
2025-04-21 21:20:07.766 [info] Getting sessions for all scopes...
2025-04-21 21:20:07.766 [info] Got 1 sessions for ...
2025-04-21 21:20:07.767 [info] Getting sessions for all scopes...
2025-04-21 21:20:07.767 [info] Got 1 sessions for ...
2025-04-21 21:20:07.769 [info] Getting sessions for read:user,repo,user:email,workflow...
2025-04-21 21:20:07.769 [info] Got 0 sessions for read:user,repo,user:email,workflow...
2025-04-21 21:20:07.770 [info] Getting sessions for user:email...
2025-04-21 21:20:07.770 [info] Got 1 sessions for user:email...
2025-04-21 21:20:07.771 [info] Getting sessions for read:user,repo,user:email,workflow...
2025-04-21 21:20:07.771 [info] Got 0 sessions for read:user,repo,user:email,workflow...
2025-04-21 21:20:07.778 [info] Getting sessions for all scopes...
2025-04-21 21:20:07.778 [info] Got 1 sessions for ...
2025-04-21 21:20:07.780 [info] Getting sessions for read:user,repo,user:email,workflow...
2025-04-21 21:20:07.780 [info] Got 0 sessions for read:user,repo,user:email,workflow...
2025-04-21 21:20:07.782 [info] Getting sessions for user:email...
2025-04-21 21:20:07.782 [info] Got 1 sessions for user:email...
2025-04-21 21:35:07.783 [info] Getting sessions for all scopes...
2025-04-21 21:35:07.783 [info] Got 1 sessions for ...
2025-04-21 21:35:07.785 [info] Getting sessions for read:user,repo,user:email,workflow...
2025-04-21 21:35:07.785 [info] Got 0 sessions for read:user,repo,user:email,workflow...
2025-04-21 21:35:07.787 [info] Getting sessions for user:email...
2025-04-21 21:35:07.787 [info] Got 1 sessions for user:email...
2025-04-21 21:50:07.796 [info] Getting sessions for all scopes...
2025-04-21 21:50:07.796 [info] Got 1 sessions for ...
2025-04-21 21:50:07.798 [info] Getting sessions for read:user,repo,user:email,workflow...
2025-04-21 21:50:07.798 [info] Got 0 sessions for read:user,repo,user:email,workflow...
2025-04-21 21:50:07.800 [info] Getting sessions for user:email...
2025-04-21 21:50:07.800 [info] Got 1 sessions for user:email...
2025-04-21 21:50:07.803 [info] Getting sessions for all scopes...
2025-04-21 21:50:07.803 [info] Got 1 sessions for ...
2025-04-21 21:50:07.805 [info] Getting sessions for read:user,repo,user:email,workflow...
2025-04-21 21:50:07.805 [info] Got 0 sessions for read:user,repo,user:email,workflow...
2025-04-21 21:50:07.807 [info] Getting sessions for user:email...
2025-04-21 21:50:07.807 [info] Got 1 sessions for user:email...
2025-04-21 21:50:08.528 [info] Getting sessions for all scopes...
2025-04-21 21:50:08.528 [info] Got 1 sessions for ...
2025-04-21 21:50:08.528 [info] Getting sessions for all scopes...
2025-04-21 21:50:08.528 [info] Got 1 sessions for ...
2025-04-21 21:50:08.531 [info] Getting sessions for read:user,repo,user:email,workflow...
2025-04-21 21:50:08.531 [info] Got 0 sessions for read:user,repo,user:email,workflow...
2025-04-21 21:50:08.533 [info] Getting sessions for user:email...
2025-04-21 21:50:08.533 [info] Got 1 sessions for user:email...
2025-04-21 21:50:08.534 [info] Getting sessions for read:user,repo,user:email,workflow...
2025-04-21 21:50:08.534 [info] Got 0 sessions for read:user,repo,user:email,workflow...
2025-04-21 21:50:08.536 [info] Getting sessions for all scopes...
2025-04-21 21:50:08.536 [info] Got 1 sessions for ...
2025-04-21 21:50:08.539 [info] Getting sessions for read:user,repo,user:email,workflow...
2025-04-21 21:50:08.539 [info] Got 0 sessions for read:user,repo,user:email,workflow...
2025-04-21 21:50:08.541 [info] Getting sessions for user:email...
2025-04-21 21:50:08.541 [info] Got 1 sessions for user:email...
2025-04-21 21:50:08.544 [info] Getting sessions for all scopes...
2025-04-21 21:50:08.544 [info] Got 1 sessions for ...
2025-04-21 21:50:08.545 [info] Getting sessions for all scopes...
2025-04-21 21:50:08.545 [info] Got 1 sessions for ...
2025-04-21 21:50:08.547 [info] Getting sessions for read:user,repo,user:email,workflow...
2025-04-21 21:50:08.547 [info] Got 0 sessions for read:user,repo,user:email,workflow...
2025-04-21 21:50:08.549 [info] Getting sessions for user:email...
2025-04-21 21:50:08.549 [info] Got 1 sessions for user:email...
2025-04-21 21:50:08.549 [info] Getting sessions for read:user,repo,user:email,workflow...
2025-04-21 21:50:08.549 [info] Got 0 sessions for read:user,repo,user:email,workflow...
2025-04-21 21:50:08.566 [info] Getting sessions for all scopes...
2025-04-21 21:50:08.566 [info] Got 1 sessions for ...
2025-04-21 21:50:08.573 [info] Getting sessions for read:user,repo,user:email,workflow...
2025-04-21 21:50:08.573 [info] Got 0 sessions for read:user,repo,user:email,workflow...
2025-04-21 21:50:08.577 [info] Getting sessions for user:email...
2025-04-21 21:50:08.577 [info] Got 1 sessions for user:email...
2025-04-21 22:05:08.562 [info] Getting sessions for all scopes...
2025-04-21 22:05:08.562 [info] Got 1 sessions for ...
2025-04-21 22:05:08.564 [info] Getting sessions for read:user,repo,user:email,workflow...
2025-04-21 22:05:08.564 [info] Got 0 sessions for read:user,repo,user:email,workflow...
2025-04-21 22:05:08.567 [info] Getting sessions for user:email...
2025-04-21 22:05:08.567 [info] Got 1 sessions for user:email...
2025-04-21 22:20:08.576 [info] Getting sessions for all scopes...
2025-04-21 22:20:08.576 [info] Got 1 sessions for ...
2025-04-21 22:20:08.578 [info] Getting sessions for read:user,repo,user:email,workflow...
2025-04-21 22:20:08.578 [info] Got 0 sessions for read:user,repo,user:email,workflow...
2025-04-21 22:20:08.581 [info] Getting sessions for user:email...
2025-04-21 22:20:08.581 [info] Got 1 sessions for user:email...
2025-04-21 22:20:08.584 [info] Getting sessions for all scopes...
2025-04-21 22:20:08.584 [info] Got 1 sessions for ...
2025-04-21 22:20:08.586 [info] Getting sessions for read:user,repo,user:email,workflow...
2025-04-21 22:20:08.586 [info] Got 0 sessions for read:user,repo,user:email,workflow...
2025-04-21 22:20:08.589 [info] Getting sessions for user:email...
2025-04-21 22:20:08.589 [info] Got 1 sessions for user:email...
2025-04-21 22:20:09.416 [info] Getting sessions for all scopes...
2025-04-21 22:20:09.416 [info] Got 1 sessions for ...
2025-04-21 22:20:09.416 [info] Getting sessions for all scopes...
2025-04-21 22:20:09.416 [info] Got 1 sessions for ...
2025-04-21 22:20:09.418 [info] Getting sessions for read:user,repo,user:email,workflow...
2025-04-21 22:20:09.418 [info] Got 0 sessions for read:user,repo,user:email,workflow...
2025-04-21 22:20:09.420 [info] Getting sessions for user:email...
2025-04-21 22:20:09.420 [info] Got 1 sessions for user:email...
2025-04-21 22:20:09.420 [info] Getting sessions for read:user,repo,user:email,workflow...
2025-04-21 22:20:09.420 [info] Got 0 sessions for read:user,repo,user:email,workflow...
2025-04-21 22:20:09.423 [info] Getting sessions for all scopes...
2025-04-21 22:20:09.423 [info] Got 1 sessions for ...
2025-04-21 22:20:09.425 [info] Getting sessions for read:user,repo,user:email,workflow...
2025-04-21 22:20:09.425 [info] Got 0 sessions for read:user,repo,user:email,workflow...
2025-04-21 22:20:09.427 [info] Getting sessions for user:email...
2025-04-21 22:20:09.427 [info] Got 1 sessions for user:email...
2025-04-21 22:20:09.430 [info] Getting sessions for all scopes...
2025-04-21 22:20:09.430 [info] Got 1 sessions for ...
2025-04-21 22:20:09.431 [info] Getting sessions for all scopes...
2025-04-21 22:20:09.431 [info] Got 1 sessions for ...
2025-04-21 22:20:09.432 [info] Getting sessions for read:user,repo,user:email,workflow...
2025-04-21 22:20:09.432 [info] Got 0 sessions for read:user,repo,user:email,workflow...
2025-04-21 22:20:09.434 [info] Getting sessions for user:email...
2025-04-21 22:20:09.434 [info] Got 1 sessions for user:email...
2025-04-21 22:20:09.434 [info] Getting sessions for read:user,repo,user:email,workflow...
2025-04-21 22:20:09.434 [info] Got 0 sessions for read:user,repo,user:email,workflow...
2025-04-21 22:20:09.440 [info] Getting sessions for all scopes...
2025-04-21 22:20:09.440 [info] Got 1 sessions for ...
2025-04-21 22:20:09.443 [info] Getting sessions for read:user,repo,user:email,workflow...
2025-04-21 22:20:09.443 [info] Got 0 sessions for read:user,repo,user:email,workflow...
2025-04-21 22:20:09.445 [info] Getting sessions for user:email...
2025-04-21 22:20:09.445 [info] Got 1 sessions for user:email...
2025-04-21 22:35:09.446 [info] Getting sessions for all scopes...
2025-04-21 22:35:09.446 [info] Got 1 sessions for ...
2025-04-21 22:35:09.448 [info] Getting sessions for read:user,repo,user:email,workflow...
2025-04-21 22:35:09.449 [info] Got 0 sessions for read:user,repo,user:email,workflow...
2025-04-21 22:35:09.451 [info] Getting sessions for user:email...
2025-04-21 22:35:09.451 [info] Got 1 sessions for user:email...
2025-04-21 22:50:09.460 [info] Getting sessions for all scopes...
2025-04-21 22:50:09.460 [info] Got 1 sessions for ...
2025-04-21 22:50:09.462 [info] Getting sessions for read:user,repo,user:email,workflow...
2025-04-21 22:50:09.462 [info] Got 0 sessions for read:user,repo,user:email,workflow...
2025-04-21 22:50:09.465 [info] Getting sessions for user:email...
2025-04-21 22:50:09.465 [info] Got 1 sessions for user:email...
2025-04-21 22:50:09.468 [info] Getting sessions for all scopes...
2025-04-21 22:50:09.468 [info] Got 1 sessions for ...
2025-04-21 22:50:09.470 [info] Getting sessions for read:user,repo,user:email,workflow...
2025-04-21 22:50:09.470 [info] Got 0 sessions for read:user,repo,user:email,workflow...
2025-04-21 22:50:09.473 [info] Getting sessions for user:email...
2025-04-21 22:50:09.473 [info] Got 1 sessions for user:email...
2025-04-21 22:50:10.277 [info] Getting sessions for all scopes...
2025-04-21 22:50:10.277 [info] Got 1 sessions for ...
2025-04-21 22:50:10.278 [info] Getting sessions for all scopes...
2025-04-21 22:50:10.278 [info] Got 1 sessions for ...
2025-04-21 22:50:10.280 [info] Getting sessions for read:user,repo,user:email,workflow...
2025-04-21 22:50:10.280 [info] Got 0 sessions for read:user,repo,user:email,workflow...
2025-04-21 22:50:10.283 [info] Getting sessions for user:email...
2025-04-21 22:50:10.283 [info] Got 1 sessions for user:email...
2025-04-21 22:50:10.283 [info] Getting sessions for read:user,repo,user:email,workflow...
2025-04-21 22:50:10.283 [info] Got 0 sessions for read:user,repo,user:email,workflow...
2025-04-21 22:50:10.286 [info] Getting sessions for all scopes...
2025-04-21 22:50:10.286 [info] Got 1 sessions for ...
2025-04-21 22:50:10.288 [info] Getting sessions for read:user,repo,user:email,workflow...
2025-04-21 22:50:10.288 [info] Got 0 sessions for read:user,repo,user:email,workflow...
2025-04-21 22:50:10.290 [info] Getting sessions for user:email...
2025-04-21 22:50:10.290 [info] Got 1 sessions for user:email...
2025-04-21 22:50:10.294 [info] Getting sessions for all scopes...
2025-04-21 22:50:10.294 [info] Got 1 sessions for ...
2025-04-21 22:50:10.295 [info] Getting sessions for all scopes...
2025-04-21 22:50:10.295 [info] Got 1 sessions for ...
2025-04-21 22:50:10.297 [info] Getting sessions for read:user,repo,user:email,workflow...
2025-04-21 22:50:10.297 [info] Got 0 sessions for read:user,repo,user:email,workflow...
2025-04-21 22:50:10.299 [info] Getting sessions for user:email...
2025-04-21 22:50:10.299 [info] Got 1 sessions for user:email...
2025-04-21 22:50:10.299 [info] Getting sessions for read:user,repo,user:email,workflow...
2025-04-21 22:50:10.299 [info] Got 0 sessions for read:user,repo,user:email,workflow...
2025-04-21 22:50:10.306 [info] Getting sessions for all scopes...
2025-04-21 22:50:10.306 [info] Got 1 sessions for ...
2025-04-21 22:50:10.308 [info] Getting sessions for read:user,repo,user:email,workflow...
2025-04-21 22:50:10.308 [info] Got 0 sessions for read:user,repo,user:email,workflow...
2025-04-21 22:50:10.310 [info] Getting sessions for user:email...
2025-04-21 22:50:10.310 [info] Got 1 sessions for user:email...
2025-04-21 23:05:10.310 [info] Getting sessions for all scopes...
2025-04-21 23:05:10.310 [info] Got 1 sessions for ...
2025-04-21 23:05:10.312 [info] Getting sessions for read:user,repo,user:email,workflow...
2025-04-21 23:05:10.313 [info] Got 0 sessions for read:user,repo,user:email,workflow...
2025-04-21 23:05:10.315 [info] Getting sessions for user:email...
2025-04-21 23:05:10.315 [info] Got 1 sessions for user:email...
2025-04-22 07:25:15.981 [info] Getting sessions for all scopes...
2025-04-22 07:25:15.981 [info] Got 1 sessions for ...
2025-04-22 07:25:15.984 [info] Getting sessions for read:user,repo,user:email,workflow...
2025-04-22 07:25:15.984 [info] Got 0 sessions for read:user,repo,user:email,workflow...
2025-04-22 07:25:15.986 [info] Getting sessions for user:email...
2025-04-22 07:25:15.986 [info] Got 1 sessions for user:email...
2025-04-22 07:25:15.989 [info] Getting sessions for all scopes...
2025-04-22 07:25:15.989 [info] Got 1 sessions for ...
2025-04-22 07:25:15.992 [info] Getting sessions for read:user,repo,user:email,workflow...
2025-04-22 07:25:15.992 [info] Got 0 sessions for read:user,repo,user:email,workflow...
2025-04-22 07:25:15.994 [info] Getting sessions for user:email...
2025-04-22 07:25:15.995 [info] Got 1 sessions for user:email...
2025-04-22 07:25:16.702 [info] Getting sessions for all scopes...
2025-04-22 07:25:16.702 [info] Got 1 sessions for ...
2025-04-22 07:25:16.702 [info] Getting sessions for all scopes...
2025-04-22 07:25:16.702 [info] Got 1 sessions for ...
2025-04-22 07:25:16.704 [info] Getting sessions for read:user,repo,user:email,workflow...
2025-04-22 07:25:16.704 [info] Got 0 sessions for read:user,repo,user:email,workflow...
2025-04-22 07:25:16.707 [info] Getting sessions for user:email...
2025-04-22 07:25:16.707 [info] Got 1 sessions for user:email...
2025-04-22 07:25:16.707 [info] Getting sessions for read:user,repo,user:email,workflow...
2025-04-22 07:25:16.707 [info] Got 0 sessions for read:user,repo,user:email,workflow...
2025-04-22 07:25:16.710 [info] Getting sessions for all scopes...
2025-04-22 07:25:16.710 [info] Got 1 sessions for ...
2025-04-22 07:25:16.712 [info] Getting sessions for read:user,repo,user:email,workflow...
2025-04-22 07:25:16.712 [info] Got 0 sessions for read:user,repo,user:email,workflow...
2025-04-22 07:25:16.715 [info] Getting sessions for user:email...
2025-04-22 07:25:16.715 [info] Got 1 sessions for user:email...
2025-04-22 07:25:16.720 [info] Getting sessions for all scopes...
2025-04-22 07:25:16.720 [info] Got 1 sessions for ...
2025-04-22 07:25:16.721 [info] Getting sessions for all scopes...
2025-04-22 07:25:16.721 [info] Got 1 sessions for ...
2025-04-22 07:25:16.723 [info] Getting sessions for read:user,repo,user:email,workflow...
2025-04-22 07:25:16.723 [info] Got 0 sessions for read:user,repo,user:email,workflow...
2025-04-22 07:25:16.725 [info] Getting sessions for user:email...
2025-04-22 07:25:16.725 [info] Got 1 sessions for user:email...
2025-04-22 07:25:16.726 [info] Getting sessions for read:user,repo,user:email,workflow...
2025-04-22 07:25:16.726 [info] Got 0 sessions for read:user,repo,user:email,workflow...
2025-04-22 07:25:16.735 [info] Getting sessions for all scopes...
2025-04-22 07:25:16.735 [info] Got 1 sessions for ...
2025-04-22 07:25:16.738 [info] Getting sessions for read:user,repo,user:email,workflow...
2025-04-22 07:25:16.738 [info] Got 0 sessions for read:user,repo,user:email,workflow...
2025-04-22 07:25:16.740 [info] Getting sessions for user:email...
2025-04-22 07:25:16.740 [info] Got 1 sessions for user:email...
2025-04-22 07:40:16.743 [info] Getting sessions for all scopes...
2025-04-22 07:40:16.743 [info] Got 1 sessions for ...
2025-04-22 07:40:16.746 [info] Getting sessions for read:user,repo,user:email,workflow...
2025-04-22 07:40:16.746 [info] Got 0 sessions for read:user,repo,user:email,workflow...
2025-04-22 07:40:16.749 [info] Getting sessions for user:email...
2025-04-22 07:40:16.749 [info] Got 1 sessions for user:email...
2025-04-22 07:55:16.763 [info] Getting sessions for all scopes...
2025-04-22 07:55:16.763 [info] Got 1 sessions for ...
2025-04-22 07:55:16.766 [info] Getting sessions for read:user,repo,user:email,workflow...
2025-04-22 07:55:16.766 [info] Got 0 sessions for read:user,repo,user:email,workflow...
2025-04-22 07:55:16.769 [info] Getting sessions for user:email...
2025-04-22 07:55:16.769 [info] Got 1 sessions for user:email...
2025-04-22 07:55:16.772 [info] Getting sessions for all scopes...
2025-04-22 07:55:16.772 [info] Got 1 sessions for ...
2025-04-22 07:55:16.775 [info] Getting sessions for read:user,repo,user:email,workflow...
2025-04-22 07:55:16.775 [info] Got 0 sessions for read:user,repo,user:email,workflow...
2025-04-22 07:55:16.777 [info] Getting sessions for user:email...
2025-04-22 07:55:16.777 [info] Got 1 sessions for user:email...
2025-04-22 07:55:17.510 [info] Getting sessions for all scopes...
2025-04-22 07:55:17.510 [info] Got 1 sessions for ...
2025-04-22 07:55:17.511 [info] Getting sessions for all scopes...
2025-04-22 07:55:17.511 [info] Got 1 sessions for ...
2025-04-22 07:55:17.513 [info] Getting sessions for read:user,repo,user:email,workflow...
2025-04-22 07:55:17.513 [info] Got 0 sessions for read:user,repo,user:email,workflow...
2025-04-22 07:55:17.515 [info] Getting sessions for user:email...
2025-04-22 07:55:17.515 [info] Got 1 sessions for user:email...
2025-04-22 07:55:17.515 [info] Getting sessions for read:user,repo,user:email,workflow...
2025-04-22 07:55:17.515 [info] Got 0 sessions for read:user,repo,user:email,workflow...
2025-04-22 07:55:17.517 [info] Getting sessions for all scopes...
2025-04-22 07:55:17.517 [info] Got 1 sessions for ...
2025-04-22 07:55:17.519 [info] Getting sessions for read:user,repo,user:email,workflow...
2025-04-22 07:55:17.519 [info] Got 0 sessions for read:user,repo,user:email,workflow...
2025-04-22 07:55:17.521 [info] Getting sessions for user:email...
2025-04-22 07:55:17.521 [info] Got 1 sessions for user:email...
2025-04-22 07:55:17.525 [info] Getting sessions for all scopes...
2025-04-22 07:55:17.525 [info] Got 1 sessions for ...
2025-04-22 07:55:17.525 [info] Getting sessions for all scopes...
2025-04-22 07:55:17.525 [info] Got 1 sessions for ...
2025-04-22 07:55:17.527 [info] Getting sessions for read:user,repo,user:email,workflow...
2025-04-22 07:55:17.527 [info] Got 0 sessions for read:user,repo,user:email,workflow...
2025-04-22 07:55:17.530 [info] Getting sessions for user:email...
2025-04-22 07:55:17.530 [info] Got 1 sessions for user:email...
2025-04-22 07:55:17.531 [info] Getting sessions for read:user,repo,user:email,workflow...
2025-04-22 07:55:17.531 [info] Got 0 sessions for read:user,repo,user:email,workflow...
2025-04-22 07:55:17.537 [info] Getting sessions for all scopes...
2025-04-22 07:55:17.537 [info] Got 1 sessions for ...
2025-04-22 07:55:17.538 [info] Getting sessions for read:user,repo,user:email,workflow...
2025-04-22 07:55:17.539 [info] Got 0 sessions for read:user,repo,user:email,workflow...
2025-04-22 07:55:17.540 [info] Getting sessions for user:email...
2025-04-22 07:55:17.540 [info] Got 1 sessions for user:email...
2025-04-22 08:10:17.547 [info] Getting sessions for all scopes...
2025-04-22 08:10:17.555 [info] Got 1 sessions for ...
2025-04-22 08:10:17.558 [info] Getting sessions for read:user,repo,user:email,workflow...
2025-04-22 08:10:17.558 [info] Got 0 sessions for read:user,repo,user:email,workflow...
2025-04-22 08:10:17.561 [info] Getting sessions for user:email...
2025-04-22 08:10:17.561 [info] Got 1 sessions for user:email...
2025-04-22 08:25:17.574 [info] Getting sessions for all scopes...
2025-04-22 08:25:17.574 [info] Got 1 sessions for ...
2025-04-22 08:25:17.578 [info] Getting sessions for read:user,repo,user:email,workflow...
2025-04-22 08:25:17.578 [info] Got 0 sessions for read:user,repo,user:email,workflow...
2025-04-22 08:25:17.581 [info] Getting sessions for user:email...
2025-04-22 08:25:17.581 [info] Got 1 sessions for user:email...
2025-04-22 08:25:17.583 [info] Getting sessions for all scopes...
2025-04-22 08:25:17.584 [info] Got 1 sessions for ...
2025-04-22 08:25:17.586 [info] Getting sessions for read:user,repo,user:email,workflow...
2025-04-22 08:25:17.586 [info] Got 0 sessions for read:user,repo,user:email,workflow...
2025-04-22 08:25:17.589 [info] Getting sessions for user:email...
2025-04-22 08:25:17.589 [info] Got 1 sessions for user:email...
2025-04-22 08:25:18.293 [info] Getting sessions for all scopes...
2025-04-22 08:25:18.293 [info] Got 1 sessions for ...
2025-04-22 08:25:18.293 [info] Getting sessions for all scopes...
2025-04-22 08:25:18.293 [info] Got 1 sessions for ...
2025-04-22 08:25:18.295 [info] Getting sessions for read:user,repo,user:email,workflow...
2025-04-22 08:25:18.295 [info] Got 0 sessions for read:user,repo,user:email,workflow...
2025-04-22 08:25:18.297 [info] Getting sessions for user:email...
2025-04-22 08:25:18.297 [info] Got 1 sessions for user:email...
2025-04-22 08:25:18.297 [info] Getting sessions for read:user,repo,user:email,workflow...
2025-04-22 08:25:18.297 [info] Got 0 sessions for read:user,repo,user:email,workflow...
2025-04-22 08:25:18.299 [info] Getting sessions for all scopes...
2025-04-22 08:25:18.299 [info] Got 1 sessions for ...
2025-04-22 08:25:18.301 [info] Getting sessions for read:user,repo,user:email,workflow...
2025-04-22 08:25:18.301 [info] Got 0 sessions for read:user,repo,user:email,workflow...
2025-04-22 08:25:18.303 [info] Getting sessions for user:email...
2025-04-22 08:25:18.303 [info] Got 1 sessions for user:email...
2025-04-22 08:25:18.305 [info] Getting sessions for all scopes...
2025-04-22 08:25:18.305 [info] Got 1 sessions for ...
2025-04-22 08:25:18.305 [info] Getting sessions for all scopes...
2025-04-22 08:25:18.305 [info] Got 1 sessions for ...
2025-04-22 08:25:18.306 [info] Getting sessions for read:user,repo,user:email,workflow...
2025-04-22 08:25:18.306 [info] Got 0 sessions for read:user,repo,user:email,workflow...
2025-04-22 08:25:18.308 [info] Getting sessions for user:email...
2025-04-22 08:25:18.308 [info] Got 1 sessions for user:email...
2025-04-22 08:25:18.308 [info] Getting sessions for read:user,repo,user:email,workflow...
2025-04-22 08:25:18.308 [info] Got 0 sessions for read:user,repo,user:email,workflow...
2025-04-22 08:25:18.312 [info] Getting sessions for all scopes...
2025-04-22 08:25:18.312 [info] Got 1 sessions for ...
2025-04-22 08:25:18.313 [info] Getting sessions for read:user,repo,user:email,workflow...
2025-04-22 08:25:18.313 [info] Got 0 sessions for read:user,repo,user:email,workflow...
2025-04-22 08:25:18.314 [info] Getting sessions for user:email...
2025-04-22 08:25:18.314 [info] Got 1 sessions for user:email...
2025-04-22 08:40:18.323 [info] Getting sessions for all scopes...
2025-04-22 08:40:18.323 [info] Got 1 sessions for ...
2025-04-22 08:40:18.326 [info] Getting sessions for read:user,repo,user:email,workflow...
2025-04-22 08:40:18.326 [info] Got 0 sessions for read:user,repo,user:email,workflow...
2025-04-22 08:40:18.328 [info] Getting sessions for user:email...
2025-04-22 08:40:18.328 [info] Got 1 sessions for user:email...
2025-04-22 08:55:18.344 [info] Getting sessions for all scopes...
2025-04-22 08:55:18.345 [info] Got 1 sessions for ...
2025-04-22 08:55:18.349 [info] Getting sessions for read:user,repo,user:email,workflow...
2025-04-22 08:55:18.349 [info] Got 0 sessions for read:user,repo,user:email,workflow...
2025-04-22 08:55:18.352 [info] Getting sessions for user:email...
2025-04-22 08:55:18.352 [info] Got 1 sessions for user:email...
2025-04-22 08:55:18.356 [info] Getting sessions for all scopes...
2025-04-22 08:55:18.356 [info] Got 1 sessions for ...
2025-04-22 08:55:18.361 [info] Getting sessions for read:user,repo,user:email,workflow...
2025-04-22 08:55:18.361 [info] Got 0 sessions for read:user,repo,user:email,workflow...
2025-04-22 08:55:18.365 [info] Getting sessions for user:email...
2025-04-22 08:55:18.365 [info] Got 1 sessions for user:email...
2025-04-22 08:55:19.083 [info] Getting sessions for all scopes...
2025-04-22 08:55:19.083 [info] Got 1 sessions for ...
2025-04-22 08:55:19.084 [info] Getting sessions for all scopes...
2025-04-22 08:55:19.084 [info] Got 1 sessions for ...
2025-04-22 08:55:19.089 [info] Getting sessions for read:user,repo,user:email,workflow...
2025-04-22 08:55:19.089 [info] Got 0 sessions for read:user,repo,user:email,workflow...
2025-04-22 08:55:19.097 [info] Getting sessions for user:email...
2025-04-22 08:55:19.097 [info] Got 1 sessions for user:email...
2025-04-22 08:55:19.097 [info] Getting sessions for read:user,repo,user:email,workflow...
2025-04-22 08:55:19.098 [info] Got 0 sessions for read:user,repo,user:email,workflow...
2025-04-22 08:55:19.100 [info] Getting sessions for all scopes...
2025-04-22 08:55:19.100 [info] Got 1 sessions for ...
2025-04-22 08:55:19.104 [info] Getting sessions for read:user,repo,user:email,workflow...
2025-04-22 08:55:19.104 [info] Got 0 sessions for read:user,repo,user:email,workflow...
2025-04-22 08:55:19.107 [info] Getting sessions for user:email...
2025-04-22 08:55:19.108 [info] Got 1 sessions for user:email...
2025-04-22 08:55:19.113 [info] Getting sessions for all scopes...
2025-04-22 08:55:19.113 [info] Got 1 sessions for ...
2025-04-22 08:55:19.114 [info] Getting sessions for all scopes...
2025-04-22 08:55:19.114 [info] Got 1 sessions for ...
2025-04-22 08:55:19.126 [info] Getting sessions for read:user,repo,user:email,workflow...
2025-04-22 08:55:19.126 [info] Got 0 sessions for read:user,repo,user:email,workflow...
2025-04-22 08:55:19.136 [info] Getting sessions for user:email...
2025-04-22 08:55:19.136 [info] Got 1 sessions for user:email...
2025-04-22 08:55:19.137 [info] Getting sessions for read:user,repo,user:email,workflow...
2025-04-22 08:55:19.137 [info] Got 0 sessions for read:user,repo,user:email,workflow...
2025-04-22 08:55:19.155 [info] Getting sessions for all scopes...
2025-04-22 08:55:19.155 [info] Got 1 sessions for ...
2025-04-22 08:55:19.160 [info] Getting sessions for read:user,repo,user:email,workflow...
2025-04-22 08:55:19.160 [info] Got 0 sessions for read:user,repo,user:email,workflow...
2025-04-22 08:55:19.167 [info] Getting sessions for user:email...
2025-04-22 08:55:19.167 [info] Got 1 sessions for user:email...
2025-04-22 09:10:19.156 [info] Getting sessions for all scopes...
2025-04-22 09:10:19.165 [info] Got 1 sessions for ...
2025-04-22 09:10:19.168 [info] Getting sessions for read:user,repo,user:email,workflow...
2025-04-22 09:10:19.168 [info] Got 0 sessions for read:user,repo,user:email,workflow...
2025-04-22 09:10:19.170 [info] Getting sessions for user:email...
2025-04-22 09:10:19.170 [info] Got 1 sessions for user:email...
2025-04-22 09:25:19.197 [info] Getting sessions for all scopes...
2025-04-22 09:25:19.198 [info] Got 1 sessions for ...
2025-04-22 09:25:19.201 [info] Getting sessions for read:user,repo,user:email,workflow...
2025-04-22 09:25:19.201 [info] Got 0 sessions for read:user,repo,user:email,workflow...
2025-04-22 09:25:19.204 [info] Getting sessions for user:email...
2025-04-22 09:25:19.204 [info] Got 1 sessions for user:email...
2025-04-22 09:25:19.207 [info] Getting sessions for all scopes...
2025-04-22 09:25:19.207 [info] Got 1 sessions for ...
2025-04-22 09:25:19.210 [info] Getting sessions for read:user,repo,user:email,workflow...
2025-04-22 09:25:19.210 [info] Got 0 sessions for read:user,repo,user:email,workflow...
2025-04-22 09:25:19.212 [info] Getting sessions for user:email...
2025-04-22 09:25:19.212 [info] Got 1 sessions for user:email...
2025-04-22 09:25:20.003 [info] Getting sessions for all scopes...
2025-04-22 09:25:20.003 [info] Got 1 sessions for ...
2025-04-22 09:25:20.004 [info] Getting sessions for all scopes...
2025-04-22 09:25:20.004 [info] Got 1 sessions for ...
2025-04-22 09:25:20.005 [info] Getting sessions for read:user,repo,user:email,workflow...
2025-04-22 09:25:20.005 [info] Got 0 sessions for read:user,repo,user:email,workflow...
2025-04-22 09:25:20.007 [info] Getting sessions for user:email...
2025-04-22 09:25:20.007 [info] Got 1 sessions for user:email...
2025-04-22 09:25:20.008 [info] Getting sessions for read:user,repo,user:email,workflow...
2025-04-22 09:25:20.008 [info] Got 0 sessions for read:user,repo,user:email,workflow...
2025-04-22 09:25:20.009 [info] Getting sessions for all scopes...
2025-04-22 09:25:20.010 [info] Got 1 sessions for ...
2025-04-22 09:25:20.012 [info] Getting sessions for read:user,repo,user:email,workflow...
2025-04-22 09:25:20.012 [info] Got 0 sessions for read:user,repo,user:email,workflow...
2025-04-22 09:25:20.016 [info] Getting sessions for user:email...
2025-04-22 09:25:20.016 [info] Got 1 sessions for user:email...
2025-04-22 09:25:20.021 [info] Getting sessions for all scopes...
2025-04-22 09:25:20.021 [info] Got 1 sessions for ...
2025-04-22 09:25:20.021 [info] Getting sessions for all scopes...
2025-04-22 09:25:20.021 [info] Got 1 sessions for ...
2025-04-22 09:25:20.023 [info] Getting sessions for read:user,repo,user:email,workflow...
2025-04-22 09:25:20.023 [info] Got 0 sessions for read:user,repo,user:email,workflow...
2025-04-22 09:25:20.024 [info] Getting sessions for user:email...
2025-04-22 09:25:20.024 [info] Got 1 sessions for user:email...
2025-04-22 09:25:20.025 [info] Getting sessions for read:user,repo,user:email,workflow...
2025-04-22 09:25:20.025 [info] Got 0 sessions for read:user,repo,user:email,workflow...
2025-04-22 09:25:20.031 [info] Getting sessions for all scopes...
2025-04-22 09:25:20.031 [info] Got 1 sessions for ...
2025-04-22 09:25:20.034 [info] Getting sessions for read:user,repo,user:email,workflow...
2025-04-22 09:25:20.034 [info] Got 0 sessions for read:user,repo,user:email,workflow...
2025-04-22 09:25:20.036 [info] Getting sessions for user:email...
2025-04-22 09:25:20.036 [info] Got 1 sessions for user:email...
2025-04-22 09:40:20.049 [info] Getting sessions for all scopes...
2025-04-22 09:40:20.049 [info] Got 1 sessions for ...
2025-04-22 09:40:20.052 [info] Getting sessions for read:user,repo,user:email,workflow...
2025-04-22 09:40:20.052 [info] Got 0 sessions for read:user,repo,user:email,workflow...
2025-04-22 09:40:20.054 [info] Getting sessions for user:email...
2025-04-22 09:40:20.054 [info] Got 1 sessions for user:email...
2025-04-22 09:55:20.069 [info] Getting sessions for all scopes...
2025-04-22 09:55:20.077 [info] Got 1 sessions for ...
2025-04-22 09:55:20.080 [info] Getting sessions for read:user,repo,user:email,workflow...
2025-04-22 09:55:20.080 [info] Got 0 sessions for read:user,repo,user:email,workflow...
2025-04-22 09:55:20.082 [info] Getting sessions for user:email...
2025-04-22 09:55:20.082 [info] Got 1 sessions for user:email...
2025-04-22 09:55:20.086 [info] Getting sessions for all scopes...
2025-04-22 09:55:20.086 [info] Got 1 sessions for ...
2025-04-22 09:55:20.089 [info] Getting sessions for read:user,repo,user:email,workflow...
2025-04-22 09:55:20.089 [info] Got 0 sessions for read:user,repo,user:email,workflow...
2025-04-22 09:55:20.093 [info] Getting sessions for user:email...
2025-04-22 09:55:20.093 [info] Got 1 sessions for user:email...
2025-04-22 09:55:20.931 [info] Getting sessions for all scopes...
2025-04-22 09:55:20.931 [info] Got 1 sessions for ...
2025-04-22 09:55:20.931 [info] Getting sessions for all scopes...
2025-04-22 09:55:20.931 [info] Got 1 sessions for ...
2025-04-22 09:55:20.933 [info] Getting sessions for read:user,repo,user:email,workflow...
2025-04-22 09:55:20.933 [info] Got 0 sessions for read:user,repo,user:email,workflow...
2025-04-22 09:55:20.935 [info] Getting sessions for user:email...
2025-04-22 09:55:20.935 [info] Got 1 sessions for user:email...
2025-04-22 09:55:20.935 [info] Getting sessions for read:user,repo,user:email,workflow...
2025-04-22 09:55:20.935 [info] Got 0 sessions for read:user,repo,user:email,workflow...
2025-04-22 09:55:20.937 [info] Getting sessions for all scopes...
2025-04-22 09:55:20.937 [info] Got 1 sessions for ...
2025-04-22 09:55:20.939 [info] Getting sessions for read:user,repo,user:email,workflow...
2025-04-22 09:55:20.939 [info] Got 0 sessions for read:user,repo,user:email,workflow...
2025-04-22 09:55:20.941 [info] Getting sessions for user:email...
2025-04-22 09:55:20.941 [info] Got 1 sessions for user:email...
2025-04-22 09:55:20.944 [info] Getting sessions for all scopes...
2025-04-22 09:55:20.944 [info] Got 1 sessions for ...
2025-04-22 09:55:20.945 [info] Getting sessions for all scopes...
2025-04-22 09:55:20.945 [info] Got 1 sessions for ...
2025-04-22 09:55:20.947 [info] Getting sessions for read:user,repo,user:email,workflow...
2025-04-22 09:55:20.947 [info] Got 0 sessions for read:user,repo,user:email,workflow...
2025-04-22 09:55:20.949 [info] Getting sessions for user:email...
2025-04-22 09:55:20.949 [info] Got 1 sessions for user:email...
2025-04-22 09:55:20.949 [info] Getting sessions for read:user,repo,user:email,workflow...
2025-04-22 09:55:20.949 [info] Got 0 sessions for read:user,repo,user:email,workflow...
2025-04-22 09:55:20.955 [info] Getting sessions for all scopes...
2025-04-22 09:55:20.955 [info] Got 1 sessions for ...
2025-04-22 09:55:20.956 [info] Getting sessions for read:user,repo,user:email,workflow...
2025-04-22 09:55:20.956 [info] Got 0 sessions for read:user,repo,user:email,workflow...
2025-04-22 09:55:20.958 [info] Getting sessions for user:email...
2025-04-22 09:55:20.958 [info] Got 1 sessions for user:email...
2025-04-22 10:10:20.968 [info] Getting sessions for all scopes...
2025-04-22 10:10:20.975 [info] Got 1 sessions for ...
2025-04-22 10:10:20.979 [info] Getting sessions for read:user,repo,user:email,workflow...
2025-04-22 10:10:20.979 [info] Got 0 sessions for read:user,repo,user:email,workflow...
2025-04-22 10:10:20.982 [info] Getting sessions for user:email...
2025-04-22 10:10:20.982 [info] Got 1 sessions for user:email...
2025-04-22 10:25:20.998 [info] Getting sessions for all scopes...
2025-04-22 10:25:21.006 [info] Got 1 sessions for ...
2025-04-22 10:25:21.009 [info] Getting sessions for read:user,repo,user:email,workflow...
2025-04-22 10:25:21.009 [info] Got 0 sessions for read:user,repo,user:email,workflow...
2025-04-22 10:25:21.011 [info] Getting sessions for user:email...
2025-04-22 10:25:21.011 [info] Got 1 sessions for user:email...
2025-04-22 10:25:21.014 [info] Getting sessions for all scopes...
2025-04-22 10:25:21.015 [info] Got 1 sessions for ...
2025-04-22 10:25:21.017 [info] Getting sessions for read:user,repo,user:email,workflow...
2025-04-22 10:25:21.017 [info] Got 0 sessions for read:user,repo,user:email,workflow...
2025-04-22 10:25:21.019 [info] Getting sessions for user:email...
2025-04-22 10:25:21.019 [info] Got 1 sessions for user:email...
2025-04-22 10:25:21.766 [info] Getting sessions for all scopes...
2025-04-22 10:25:21.766 [info] Got 1 sessions for ...
2025-04-22 10:25:21.767 [info] Getting sessions for all scopes...
2025-04-22 10:25:21.767 [info] Got 1 sessions for ...
2025-04-22 10:25:21.769 [info] Getting sessions for read:user,repo,user:email,workflow...
2025-04-22 10:25:21.769 [info] Got 0 sessions for read:user,repo,user:email,workflow...
2025-04-22 10:25:21.771 [info] Getting sessions for user:email...
2025-04-22 10:25:21.771 [info] Got 1 sessions for user:email...
2025-04-22 10:25:21.772 [info] Getting sessions for read:user,repo,user:email,workflow...
2025-04-22 10:25:21.772 [info] Got 0 sessions for read:user,repo,user:email,workflow...
2025-04-22 10:25:21.773 [info] Getting sessions for all scopes...
2025-04-22 10:25:21.774 [info] Got 1 sessions for ...
2025-04-22 10:25:21.776 [info] Getting sessions for read:user,repo,user:email,workflow...
2025-04-22 10:25:21.776 [info] Got 0 sessions for read:user,repo,user:email,workflow...
2025-04-22 10:25:21.778 [info] Getting sessions for user:email...
2025-04-22 10:25:21.778 [info] Got 1 sessions for user:email...
2025-04-22 10:25:21.780 [info] Getting sessions for all scopes...
2025-04-22 10:25:21.780 [info] Got 1 sessions for ...
2025-04-22 10:25:21.781 [info] Getting sessions for all scopes...
2025-04-22 10:25:21.781 [info] Got 1 sessions for ...
2025-04-22 10:25:21.782 [info] Getting sessions for read:user,repo,user:email,workflow...
2025-04-22 10:25:21.782 [info] Got 0 sessions for read:user,repo,user:email,workflow...
2025-04-22 10:25:21.784 [info] Getting sessions for user:email...
2025-04-22 10:25:21.785 [info] Got 1 sessions for user:email...
2025-04-22 10:25:21.785 [info] Getting sessions for read:user,repo,user:email,workflow...
2025-04-22 10:25:21.785 [info] Got 0 sessions for read:user,repo,user:email,workflow...
2025-04-22 10:25:21.794 [info] Getting sessions for all scopes...
2025-04-22 10:25:21.794 [info] Got 1 sessions for ...
2025-04-22 10:25:21.796 [info] Getting sessions for read:user,repo,user:email,workflow...
2025-04-22 10:25:21.796 [info] Got 0 sessions for read:user,repo,user:email,workflow...
2025-04-22 10:25:21.799 [info] Getting sessions for user:email...
2025-04-22 10:25:21.799 [info] Got 1 sessions for user:email...
2025-04-22 10:40:21.806 [info] Getting sessions for all scopes...
2025-04-22 10:40:21.814 [info] Got 1 sessions for ...
2025-04-22 10:40:21.817 [info] Getting sessions for read:user,repo,user:email,workflow...
2025-04-22 10:40:21.817 [info] Got 0 sessions for read:user,repo,user:email,workflow...
2025-04-22 10:40:21.819 [info] Getting sessions for user:email...
2025-04-22 10:40:21.819 [info] Got 1 sessions for user:email...
2025-04-22 10:55:21.843 [info] Getting sessions for all scopes...
2025-04-22 10:55:21.851 [info] Got 1 sessions for ...
2025-04-22 10:55:21.856 [info] Getting sessions for read:user,repo,user:email,workflow...
2025-04-22 10:55:21.856 [info] Got 0 sessions for read:user,repo,user:email,workflow...
2025-04-22 10:55:21.862 [info] Getting sessions for user:email...
2025-04-22 10:55:21.862 [info] Got 1 sessions for user:email...
2025-04-22 10:55:21.868 [info] Getting sessions for all scopes...
2025-04-22 10:55:21.868 [info] Got 1 sessions for ...
2025-04-22 10:55:21.872 [info] Getting sessions for read:user,repo,user:email,workflow...
2025-04-22 10:55:21.872 [info] Got 0 sessions for read:user,repo,user:email,workflow...
2025-04-22 10:55:21.875 [info] Getting sessions for user:email...
2025-04-22 10:55:21.875 [info] Got 1 sessions for user:email...
2025-04-22 10:55:22.613 [info] Getting sessions for all scopes...
2025-04-22 10:55:22.613 [info] Got 1 sessions for ...
2025-04-22 10:55:22.613 [info] Getting sessions for all scopes...
2025-04-22 10:55:22.613 [info] Got 1 sessions for ...
2025-04-22 10:55:22.616 [info] Getting sessions for read:user,repo,user:email,workflow...
2025-04-22 10:55:22.616 [info] Got 0 sessions for read:user,repo,user:email,workflow...
2025-04-22 10:55:22.622 [info] Getting sessions for user:email...
2025-04-22 10:55:22.622 [info] Got 1 sessions for user:email...
2025-04-22 10:55:22.624 [info] Getting sessions for read:user,repo,user:email,workflow...
2025-04-22 10:55:22.624 [info] Got 0 sessions for read:user,repo,user:email,workflow...
2025-04-22 10:55:22.630 [info] Getting sessions for all scopes...
2025-04-22 10:55:22.630 [info] Got 1 sessions for ...
2025-04-22 10:55:22.634 [info] Getting sessions for read:user,repo,user:email,workflow...
2025-04-22 10:55:22.634 [info] Got 0 sessions for read:user,repo,user:email,workflow...
2025-04-22 10:55:22.638 [info] Getting sessions for user:email...
2025-04-22 10:55:22.639 [info] Got 1 sessions for user:email...
2025-04-22 10:55:22.647 [info] Getting sessions for all scopes...
2025-04-22 10:55:22.648 [info] Got 1 sessions for ...
2025-04-22 10:55:22.652 [info] Getting sessions for all scopes...
2025-04-22 10:55:22.652 [info] Got 1 sessions for ...
2025-04-22 10:55:22.659 [info] Getting sessions for read:user,repo,user:email,workflow...
2025-04-22 10:55:22.660 [info] Got 0 sessions for read:user,repo,user:email,workflow...
2025-04-22 10:55:22.663 [info] Getting sessions for user:email...
2025-04-22 10:55:22.663 [info] Got 1 sessions for user:email...
2025-04-22 10:55:22.663 [info] Getting sessions for read:user,repo,user:email,workflow...
2025-04-22 10:55:22.663 [info] Got 0 sessions for read:user,repo,user:email,workflow...
2025-04-22 10:55:22.675 [info] Getting sessions for all scopes...
2025-04-22 10:55:22.675 [info] Got 1 sessions for ...
2025-04-22 10:55:22.680 [info] Getting sessions for read:user,repo,user:email,workflow...
2025-04-22 10:55:22.680 [info] Got 0 sessions for read:user,repo,user:email,workflow...
2025-04-22 10:55:22.684 [info] Getting sessions for user:email...
2025-04-22 10:55:22.684 [info] Got 1 sessions for user:email...
2025-04-22 11:10:22.676 [info] Getting sessions for all scopes...
2025-04-22 11:10:22.684 [info] Got 1 sessions for ...
2025-04-22 11:10:22.687 [info] Getting sessions for read:user,repo,user:email,workflow...
2025-04-22 11:10:22.687 [info] Got 0 sessions for read:user,repo,user:email,workflow...
2025-04-22 11:10:22.689 [info] Getting sessions for user:email...
2025-04-22 11:10:22.689 [info] Got 1 sessions for user:email...
2025-04-22 11:25:22.707 [info] Getting sessions for all scopes...
2025-04-22 11:25:22.715 [info] Got 1 sessions for ...
2025-04-22 11:25:22.718 [info] Getting sessions for read:user,repo,user:email,workflow...
2025-04-22 11:25:22.718 [info] Got 0 sessions for read:user,repo,user:email,workflow...
2025-04-22 11:25:22.720 [info] Getting sessions for user:email...
2025-04-22 11:25:22.720 [info] Got 1 sessions for user:email...
2025-04-22 11:25:22.722 [info] Getting sessions for all scopes...
2025-04-22 11:25:22.722 [info] Got 1 sessions for ...
2025-04-22 11:25:22.724 [info] Getting sessions for read:user,repo,user:email,workflow...
2025-04-22 11:25:22.724 [info] Got 0 sessions for read:user,repo,user:email,workflow...
2025-04-22 11:25:22.727 [info] Getting sessions for user:email...
2025-04-22 11:25:22.727 [info] Got 1 sessions for user:email...
2025-04-22 11:25:23.430 [info] Getting sessions for all scopes...
2025-04-22 11:25:23.430 [info] Got 1 sessions for ...
2025-04-22 11:25:23.431 [info] Getting sessions for all scopes...
2025-04-22 11:25:23.431 [info] Got 1 sessions for ...
2025-04-22 11:25:23.434 [info] Getting sessions for read:user,repo,user:email,workflow...
2025-04-22 11:25:23.434 [info] Got 0 sessions for read:user,repo,user:email,workflow...
2025-04-22 11:25:23.435 [info] Getting sessions for user:email...
2025-04-22 11:25:23.435 [info] Got 1 sessions for user:email...
2025-04-22 11:25:23.436 [info] Getting sessions for read:user,repo,user:email,workflow...
2025-04-22 11:25:23.436 [info] Got 0 sessions for read:user,repo,user:email,workflow...
2025-04-22 11:25:23.437 [info] Getting sessions for all scopes...
2025-04-22 11:25:23.437 [info] Got 1 sessions for ...
2025-04-22 11:25:23.439 [info] Getting sessions for read:user,repo,user:email,workflow...
2025-04-22 11:25:23.439 [info] Got 0 sessions for read:user,repo,user:email,workflow...
2025-04-22 11:25:23.440 [info] Getting sessions for user:email...
2025-04-22 11:25:23.440 [info] Got 1 sessions for user:email...
2025-04-22 11:25:23.443 [info] Getting sessions for all scopes...
2025-04-22 11:25:23.443 [info] Got 1 sessions for ...
2025-04-22 11:25:23.443 [info] Getting sessions for all scopes...
2025-04-22 11:25:23.443 [info] Got 1 sessions for ...
2025-04-22 11:25:23.446 [info] Getting sessions for read:user,repo,user:email,workflow...
2025-04-22 11:25:23.446 [info] Got 0 sessions for read:user,repo,user:email,workflow...
2025-04-22 11:25:23.448 [info] Getting sessions for user:email...
2025-04-22 11:25:23.448 [info] Got 1 sessions for user:email...
2025-04-22 11:25:23.448 [info] Getting sessions for read:user,repo,user:email,workflow...
2025-04-22 11:25:23.448 [info] Got 0 sessions for read:user,repo,user:email,workflow...
2025-04-22 11:25:23.454 [info] Getting sessions for all scopes...
2025-04-22 11:25:23.454 [info] Got 1 sessions for ...
2025-04-22 11:25:23.456 [info] Getting sessions for read:user,repo,user:email,workflow...
2025-04-22 11:25:23.456 [info] Got 0 sessions for read:user,repo,user:email,workflow...
2025-04-22 11:25:23.457 [info] Getting sessions for user:email...
2025-04-22 11:25:23.457 [info] Got 1 sessions for user:email...
2025-04-22 11:40:23.470 [info] Getting sessions for all scopes...
2025-04-22 11:40:23.478 [info] Got 1 sessions for ...
2025-04-22 11:40:23.481 [info] Getting sessions for read:user,repo,user:email,workflow...
2025-04-22 11:40:23.481 [info] Got 0 sessions for read:user,repo,user:email,workflow...
2025-04-22 11:40:23.483 [info] Getting sessions for user:email...
2025-04-22 11:40:23.483 [info] Got 1 sessions for user:email...
2025-04-22 11:55:23.501 [info] Getting sessions for all scopes...
2025-04-22 11:55:23.501 [info] Got 1 sessions for ...
2025-04-22 11:55:23.503 [info] Getting sessions for read:user,repo,user:email,workflow...
2025-04-22 11:55:23.503 [info] Got 0 sessions for read:user,repo,user:email,workflow...
2025-04-22 11:55:23.505 [info] Getting sessions for user:email...
2025-04-22 11:55:23.505 [info] Got 1 sessions for user:email...
2025-04-22 11:55:23.507 [info] Getting sessions for all scopes...
2025-04-22 11:55:23.507 [info] Got 1 sessions for ...
2025-04-22 11:55:23.509 [info] Getting sessions for read:user,repo,user:email,workflow...
2025-04-22 11:55:23.509 [info] Got 0 sessions for read:user,repo,user:email,workflow...
2025-04-22 11:55:23.511 [info] Getting sessions for user:email...
2025-04-22 11:55:23.511 [info] Got 1 sessions for user:email...
2025-04-22 11:55:24.492 [info] Getting sessions for all scopes...
2025-04-22 11:55:24.492 [info] Got 1 sessions for ...
2025-04-22 11:55:24.492 [info] Getting sessions for all scopes...
2025-04-22 11:55:24.492 [info] Got 1 sessions for ...
2025-04-22 11:55:24.494 [info] Getting sessions for read:user,repo,user:email,workflow...
2025-04-22 11:55:24.494 [info] Got 0 sessions for read:user,repo,user:email,workflow...
2025-04-22 11:55:24.497 [info] Getting sessions for user:email...
2025-04-22 11:55:24.497 [info] Got 1 sessions for user:email...
2025-04-22 11:55:24.497 [info] Getting sessions for read:user,repo,user:email,workflow...
2025-04-22 11:55:24.497 [info] Got 0 sessions for read:user,repo,user:email,workflow...
2025-04-22 11:55:24.500 [info] Getting sessions for all scopes...
2025-04-22 11:55:24.500 [info] Got 1 sessions for ...
2025-04-22 11:55:24.503 [info] Getting sessions for read:user,repo,user:email,workflow...
2025-04-22 11:55:24.503 [info] Got 0 sessions for read:user,repo,user:email,workflow...
2025-04-22 11:55:24.505 [info] Getting sessions for user:email...
2025-04-22 11:55:24.505 [info] Got 1 sessions for user:email...
2025-04-22 11:55:24.509 [info] Getting sessions for all scopes...
2025-04-22 11:55:24.509 [info] Got 1 sessions for ...
2025-04-22 11:55:24.510 [info] Getting sessions for all scopes...
2025-04-22 11:55:24.510 [info] Got 1 sessions for ...
2025-04-22 11:55:24.512 [info] Getting sessions for read:user,repo,user:email,workflow...
2025-04-22 11:55:24.512 [info] Got 0 sessions for read:user,repo,user:email,workflow...
2025-04-22 11:55:24.567 [info] Getting sessions for user:email...
2025-04-22 11:55:24.567 [info] Got 1 sessions for user:email...
2025-04-22 11:55:24.570 [info] Getting sessions for read:user,repo,user:email,workflow...
2025-04-22 11:55:24.570 [info] Got 0 sessions for read:user,repo,user:email,workflow...
2025-04-22 11:55:24.579 [info] Getting sessions for all scopes...
2025-04-22 11:55:24.579 [info] Got 1 sessions for ...
2025-04-22 11:55:24.581 [info] Getting sessions for read:user,repo,user:email,workflow...
2025-04-22 11:55:24.581 [info] Got 0 sessions for read:user,repo,user:email,workflow...
2025-04-22 11:55:24.584 [info] Getting sessions for user:email...
2025-04-22 11:55:24.584 [info] Got 1 sessions for user:email...
2025-04-22 12:10:24.594 [info] Getting sessions for all scopes...
2025-04-22 12:10:24.602 [info] Got 1 sessions for ...
2025-04-22 12:10:24.605 [info] Getting sessions for read:user,repo,user:email,workflow...
2025-04-22 12:10:24.605 [info] Got 0 sessions for read:user,repo,user:email,workflow...
2025-04-22 12:10:24.608 [info] Getting sessions for user:email...
2025-04-22 12:10:24.608 [info] Got 1 sessions for user:email...
2025-04-22 12:25:24.628 [info] Getting sessions for all scopes...
2025-04-22 12:25:24.636 [info] Got 1 sessions for ...
2025-04-22 12:25:24.639 [info] Getting sessions for read:user,repo,user:email,workflow...
2025-04-22 12:25:24.639 [info] Got 0 sessions for read:user,repo,user:email,workflow...
2025-04-22 12:25:24.641 [info] Getting sessions for user:email...
2025-04-22 12:25:24.641 [info] Got 1 sessions for user:email...
2025-04-22 12:25:24.644 [info] Getting sessions for all scopes...
2025-04-22 12:25:24.644 [info] Got 1 sessions for ...
2025-04-22 12:25:24.647 [info] Getting sessions for read:user,repo,user:email,workflow...
2025-04-22 12:25:24.647 [info] Got 0 sessions for read:user,repo,user:email,workflow...
2025-04-22 12:25:24.649 [info] Getting sessions for user:email...
2025-04-22 12:25:24.649 [info] Got 1 sessions for user:email...
2025-04-22 12:25:25.457 [info] Getting sessions for all scopes...
2025-04-22 12:25:25.457 [info] Got 1 sessions for ...
2025-04-22 12:25:25.457 [info] Getting sessions for all scopes...
2025-04-22 12:25:25.457 [info] Got 1 sessions for ...
2025-04-22 12:25:25.460 [info] Getting sessions for read:user,repo,user:email,workflow...
2025-04-22 12:25:25.460 [info] Got 0 sessions for read:user,repo,user:email,workflow...
2025-04-22 12:25:25.462 [info] Getting sessions for user:email...
2025-04-22 12:25:25.462 [info] Got 1 sessions for user:email...
2025-04-22 12:25:25.462 [info] Getting sessions for read:user,repo,user:email,workflow...
2025-04-22 12:25:25.462 [info] Got 0 sessions for read:user,repo,user:email,workflow...
2025-04-22 12:25:25.463 [info] Getting sessions for all scopes...
2025-04-22 12:25:25.463 [info] Got 1 sessions for ...
2025-04-22 12:25:25.465 [info] Getting sessions for read:user,repo,user:email,workflow...
2025-04-22 12:25:25.465 [info] Got 0 sessions for read:user,repo,user:email,workflow...
2025-04-22 12:25:25.466 [info] Getting sessions for user:email...
2025-04-22 12:25:25.466 [info] Got 1 sessions for user:email...
2025-04-22 12:25:25.469 [info] Getting sessions for all scopes...
2025-04-22 12:25:25.469 [info] Got 1 sessions for ...
2025-04-22 12:25:25.469 [info] Getting sessions for all scopes...
2025-04-22 12:25:25.469 [info] Got 1 sessions for ...
2025-04-22 12:25:25.470 [info] Getting sessions for read:user,repo,user:email,workflow...
2025-04-22 12:25:25.470 [info] Got 0 sessions for read:user,repo,user:email,workflow...
2025-04-22 12:25:25.471 [info] Getting sessions for user:email...
2025-04-22 12:25:25.471 [info] Got 1 sessions for user:email...
2025-04-22 12:25:25.471 [info] Getting sessions for read:user,repo,user:email,workflow...
2025-04-22 12:25:25.471 [info] Got 0 sessions for read:user,repo,user:email,workflow...
2025-04-22 12:25:25.475 [info] Getting sessions for all scopes...
2025-04-22 12:25:25.475 [info] Got 1 sessions for ...
2025-04-22 12:25:25.476 [info] Getting sessions for read:user,repo,user:email,workflow...
2025-04-22 12:25:25.476 [info] Got 0 sessions for read:user,repo,user:email,workflow...
2025-04-22 12:25:25.477 [info] Getting sessions for user:email...
2025-04-22 12:25:25.477 [info] Got 1 sessions for user:email...
2025-04-22 12:40:25.583 [info] Getting sessions for all scopes...
2025-04-22 12:40:25.584 [info] Got 1 sessions for ...
2025-04-22 12:40:25.585 [info] Getting sessions for read:user,repo,user:email,workflow...
2025-04-22 12:40:25.585 [info] Got 0 sessions for read:user,repo,user:email,workflow...
2025-04-22 12:40:25.592 [info] Getting sessions for user:email...
2025-04-22 12:40:25.592 [info] Got 1 sessions for user:email...
